PRT1
292
1066
4 0 2 (0 1024 -1269 ) (0 1024 1173 ) (0 1709.790039 1173 ) (0 1709.790039 -1269 ) 
4 0 1 (0 1024 1173 ) (0 1024 -1269 ) (466.976990 1024 -1269 ) (466.976990 1024 1173 ) 
4 1 32 (466.976990 0 1173 ) (0 0 1173 ) (0 0 -1269 ) (466.976990 0 -1269 ) 
4 1 11 (0 0 -1269 ) (0 0 -112 ) (0 1024 -112 ) (0 1024 -1269 ) 
4 1 7 (0 0 -112 ) (0 0 56 ) (0 1024 56 ) (0 1024 -112 ) 
4 1 4 (0 0 56 ) (0 0 1173 ) (0 1024 1173 ) (0 1024 56 ) 
4 2 11 (0 1024 -1269 ) (0 1024 -112 ) (-1024 1024 -112 ) (-1024 1024 -1269 ) 
4 2 9 (-592 1024 56 ) (-1024 1024 56 ) (-1024 1024 -112 ) (-592 1024 -112 ) 
4 2 8 (-584 1024 56 ) (-592 1024 56 ) (-592 1024 -112 ) (-584 1024 -112 ) 
4 2 7 (0 1024 -112 ) (0 1024 56 ) (-584 1024 56 ) (-584 1024 -112 ) 
4 2 5 (-584 1024 1173 ) (-1024 1024 1173 ) (-1024 1024 56 ) (-584 1024 56 ) 
4 2 4 (0 1024 56 ) (0 1024 1173 ) (-584 1024 1173 ) (-584 1024 56 ) 
4 2 3 (-1024 1709.790039 -1269 ) (-1024 1024 -1269 ) (-1024 1024 1173 ) (-1024 1709.790039 1173 ) 
4 3 86 (-2048 1024 -1269 ) (-2048 1024 1173 ) (-2048 1709.790039 1173 ) (-2048 1709.790039 -1269 ) 
4 3 26 (-1520 1024 -1269 ) (-1512 1024 -1269 ) (-1512 1024 -120 ) (-1520 1024 -120 ) 
4 3 25 (-1512 1024 -1269 ) (-1024 1024 -1269 ) (-1024 1024 -120 ) (-1512 1024 -120 ) 
4 3 28 (-2048 1024 -120 ) (-2048 1024 -1269 ) (-1520 1024 -1269 ) (-1520 1024 -120 ) 
4 3 21 (-1520 1024 -120 ) (-1512 1024 -120 ) (-1512 1024 1173 ) (-1520 1024 1173 ) 
4 3 24 (-2048 1024 1173 ) (-2048 1024 -120 ) (-1520 1024 -120 ) (-1520 1024 1173 ) 
4 3 17 (-1200 1024 -120 ) (-1192 1024 -120 ) (-1192 1024 1173 ) (-1200 1024 1173 ) 
4 3 20 (-1512 1024 -120 ) (-1200 1024 -120 ) (-1200 1024 1173 ) (-1512 1024 1173 ) 
4 3 14 (-1192 1024 -120 ) (-1024 1024 -120 ) (-1024 1024 56 ) (-1192 1024 56 ) 
4 3 12 (-1024 1024 56 ) (-1024 1024 1173 ) (-1192 1024 1173 ) (-1192 1024 56 ) 
4 4 34 (0 0 56 ) (0 0 1173 ) (-584 0 1173 ) (-584 0 56 ) 
4 4 7 (0 0 56 ) (-584 0 56 ) (-584 1024 56 ) (0 1024 56 ) 
4 4 6 (-584 0 64 ) (-584 0 1173 ) (-584 216 1173 ) (-584 216 64 ) 
4 4 5 (-584 1024 56 ) (-584 216 56 ) (-584 216 1173 ) (-584 1024 1173 ) 
4 5 12 (-1024 1024 1173 ) (-1024 1024 56 ) (-1024 216 56 ) (-1024 216 1173 ) 
4 5 9 (-1024 216 56 ) (-1024 1024 56 ) (-592 1024 56 ) (-592 216 56 ) 
4 5 8 (-592 1024 56 ) (-584 1024 56 ) (-584 216 56 ) (-592 216 56 ) 
4 5 6 (-584 216 64 ) (-584 216 1173 ) (-1024 216 1173 ) (-1024 216 64 ) 
4 6 35 (-584 0 1173 ) (-1024 0 1173 ) (-1024 0 64 ) (-584 0 64 ) 
4 6 13 (-1024 0 64 ) (-1024 0 1173 ) (-1024 216 1173 ) (-1024 216 64 ) 
4 7 41 (0 0 -112 ) (0 0 -104 ) (-584 0 -104 ) (-584 0 -112 ) 
4 7 37 (0 0 -104 ) (0 0 56 ) (-584 0 56 ) (-584 0 -104 ) 
4 7 11 (-584 1024 -112 ) (0 1024 -112 ) (0 0 -112 ) (-584 0 -112 ) 
4 7 8 (-584 1024 -112 ) (-584 64 -112 ) (-584 64 56 ) (-584 1024 56 ) 
4 8 11 (-592 1024 -112 ) (-584 1024 -112 ) (-584 64 -112 ) (-592 64 -112 ) 
4 8 10 (-592 64 -104 ) (-592 64 56 ) (-592 216 56 ) (-592 216 -104 ) 
4 8 9 (-592 1024 -112 ) (-592 216 -112 ) (-592 216 56 ) (-592 1024 56 ) 
4 9 14 (-1024 1024 56 ) (-1024 1024 -112 ) (-1024 216 -112 ) (-1024 216 56 ) 
4 9 11 (-1024 216 -112 ) (-1024 1024 -112 ) (-592 1024 -112 ) (-592 216 -112 ) 
4 9 10 (-592 216 -104 ) (-592 216 56 ) (-1024 216 56 ) (-1024 216 -104 ) 
4 10 38 (-824 0 56 ) (-896 0 56 ) (-896 0 -104 ) (-824 0 -104 ) 
4 10 37 (-592 0 56 ) (-824 0 56 ) (-824 0 -104 ) (-592 0 -104 ) 
4 10 40 (-896 0 56 ) (-1024 0 56 ) (-1024 0 -104 ) (-896 0 -104 ) 
4 10 15 (-1024 0 -104 ) (-1024 0 56 ) (-1024 216 56 ) (-1024 216 -104 ) 
4 11 43 (0 0 -1269 ) (0 0 -112 ) (-1024 0 -112 ) (-1024 0 -1269 ) 
4 11 31 (-1024 88 -1269 ) (-1024 0 -1269 ) (-1024 0 -128 ) (-1024 88 -128 ) 
4 11 29 (-1024 0 -128 ) (-1024 0 -120 ) (-1024 88 -120 ) (-1024 88 -128 ) 
4 11 25 (-1024 1024 -120 ) (-1024 1024 -1269 ) (-1024 88 -1269 ) (-1024 88 -120 ) 
4 11 16 (-1024 216 -120 ) (-1024 0 -120 ) (-1024 0 -112 ) (-1024 216 -112 ) 
4 11 14 (-1024 1024 -112 ) (-1024 1024 -120 ) (-1024 216 -120 ) (-1024 216 -112 ) 
4 12 17 (-1192 1024 1173 ) (-1192 1024 56 ) (-1192 216 56 ) (-1192 216 1173 ) 
4 12 14 (-1192 216 56 ) (-1192 1024 56 ) (-1024 1024 56 ) (-1024 216 56 ) 
4 12 13 (-1024 216 64 ) (-1024 216 1173 ) (-1192 216 1173 ) (-1192 216 64 ) 
4 13 44 (-1024 0 64 ) (-1024 0 1173 ) (-1192 0 1173 ) (-1192 0 64 ) 
4 13 18 (-1192 0 64 ) (-1192 0 1173 ) (-1192 216 1173 ) (-1192 216 64 ) 
4 14 25 (-1192 1024 -120 ) (-1024 1024 -120 ) (-1024 216 -120 ) (-1192 216 -120 ) 
4 14 17 (-1192 1024 56 ) (-1192 1024 -120 ) (-1192 216 -120 ) (-1192 216 56 ) 
4 14 15 (-1024 216 56 ) (-1192 216 56 ) (-1192 216 -104 ) (-1024 216 -104 ) 
4 14 16 (-1192 216 -112 ) (-1192 216 -120 ) (-1024 216 -120 ) (-1024 216 -112 ) 
4 15 48 (-1184 0 56 ) (-1192 0 56 ) (-1192 0 -104 ) (-1184 0 -104 ) 
4 15 46 (-1024 0 -104 ) (-1024 0 56 ) (-1184 0 56 ) (-1184 0 -104 ) 
4 16 50 (-1024 0 -120 ) (-1024 0 -112 ) (-1192 0 -112 ) (-1192 0 -120 ) 
4 16 29 (-1024 88 -120 ) (-1024 0 -120 ) (-1192 0 -120 ) (-1192 88 -120 ) 
4 16 25 (-1024 216 -120 ) (-1024 88 -120 ) (-1192 88 -120 ) (-1192 216 -120 ) 
4 16 19 (-1192 216 -120 ) (-1192 0 -120 ) (-1192 0 -112 ) (-1192 216 -112 ) 
4 17 25 (-1200 1024 -120 ) (-1192 1024 -120 ) (-1192 216 -120 ) (-1200 216 -120 ) 
4 17 18 (-1200 216 1173 ) (-1200 216 64 ) (-1192 216 64 ) (-1192 216 1173 ) 
4 17 19 (-1200 216 -112 ) (-1200 216 -120 ) (-1192 216 -120 ) (-1192 216 -112 ) 
4 17 20 (-1200 1024 -120 ) (-1200 216 -120 ) (-1200 216 1173 ) (-1200 1024 1173 ) 
4 18 52 (-1192 0 64 ) (-1192 0 1173 ) (-1200 0 1173 ) (-1200 0 64 ) 
4 18 20 (-1200 0 64 ) (-1200 0 1173 ) (-1200 216 1173 ) (-1200 216 64 ) 
4 19 52 (-1200 0 -120 ) (-1192 0 -120 ) (-1192 0 -112 ) (-1200 0 -112 ) 
4 19 29 (-1192 88 -120 ) (-1192 0 -120 ) (-1200 0 -120 ) (-1200 88 -120 ) 
4 19 25 (-1192 216 -120 ) (-1192 88 -120 ) (-1200 88 -120 ) (-1200 216 -120 ) 
4 19 20 (-1200 216 -120 ) (-1200 0 -120 ) (-1200 0 -112 ) (-1200 216 -112 ) 
4 20 52 (-1512 0 -120 ) (-1200 0 -120 ) (-1200 0 1173 ) (-1512 0 1173 ) 
4 20 29 (-1200 88 -120 ) (-1200 0 -120 ) (-1232 0 -120 ) (-1232 88 -120 ) 
4 20 25 (-1512 1024 -120 ) (-1200 1024 -120 ) (-1200 88 -120 ) (-1512 88 -120 ) 
4 20 22 (-1512 88 168 ) (-1512 88 1173 ) (-1512 232 1173 ) (-1512 232 168 ) 
4 20 21 (-1512 1024 -120 ) (-1512 232 -120 ) (-1512 232 1173 ) (-1512 1024 1173 ) 
4 20 23 (-1512 88 -120 ) (-1512 0 -120 ) (-1512 0 1173 ) (-1512 88 1173 ) 
4 21 26 (-1520 1024 -120 ) (-1512 1024 -120 ) (-1512 232 -120 ) (-1520 232 -120 ) 
4 21 22 (-1520 232 1173 ) (-1520 232 168 ) (-1512 232 168 ) (-1512 232 1173 ) 
4 21 24 (-1520 1024 -120 ) (-1520 232 -120 ) (-1520 232 1173 ) (-1520 1024 1173 ) 
4 22 24 (-1520 88 168 ) (-1520 88 1173 ) (-1520 232 1173 ) (-1520 232 168 ) 
4 22 23 (-1520 88 1173 ) (-1520 88 168 ) (-1512 88 168 ) (-1512 88 1173 ) 
4 23 53 (-1520 0 -120 ) (-1512 0 -120 ) (-1512 0 1173 ) (-1520 0 1173 ) 
4 23 24 (-1520 88 -120 ) (-1520 0 -120 ) (-1520 0 1173 ) (-1520 88 1173 ) 
4 24 111 (-2048 0 -120 ) (-2048 0 -96 ) (-2048 56 -96 ) (-2048 56 -120 ) 
4 24 103 (-2048 0 -96 ) (-2048 0 -64 ) (-2048 56 -64 ) (-2048 56 -96 ) 
4 24 101 (-2048 0 -64 ) (-2048 0 -56 ) (-2048 56 -56 ) (-2048 56 -64 ) 
4 24 99 (-2048 0 -56 ) (-2048 0 1173 ) (-2048 56 1173 ) (-2048 56 -56 ) 
4 24 88 (-2048 56 1173 ) (-2048 1024 1173 ) (-2048 1024 -120 ) (-2048 56 -120 ) 
4 24 56 (-2048 0 1173 ) (-2048 0 -120 ) (-1520 0 -120 ) (-1520 0 1173 ) 
4 24 30 (-2048 0 -120 ) (-2048 88 -120 ) (-1688 88 -120 ) (-1688 0 -120 ) 
4 24 28 (-2048 88 -120 ) (-2048 1024 -120 ) (-1520 1024 -120 ) (-1520 88 -120 ) 
4 25 31 (-1024 88 -1269 ) (-1024 88 -128 ) (-1512 88 -128 ) (-1512 88 -1269 ) 
4 25 29 (-1024 88 -128 ) (-1024 88 -120 ) (-1232 88 -120 ) (-1232 88 -128 ) 
4 25 27 (-1512 232 -1269 ) (-1512 88 -1269 ) (-1512 88 -136 ) (-1512 232 -136 ) 
4 25 26 (-1512 1024 -1269 ) (-1512 232 -1269 ) (-1512 232 -120 ) (-1512 1024 -120 ) 
4 26 27 (-1520 232 -136 ) (-1520 232 -1269 ) (-1512 232 -1269 ) (-1512 232 -136 ) 
4 26 28 (-1520 1024 -1269 ) (-1520 232 -1269 ) (-1520 232 -120 ) (-1520 1024 -120 ) 
4 27 31 (-1520 88 -136 ) (-1520 88 -1269 ) (-1512 88 -1269 ) (-1512 88 -136 ) 
4 27 28 (-1520 232 -1269 ) (-1520 88 -1269 ) (-1520 88 -136 ) (-1520 232 -136 ) 
4 28 142 (-2048 88 -1269 ) (-2048 88 -128 ) (-2048 1024 -128 ) (-2048 1024 -1269 ) 
4 28 92 (-2048 88 -128 ) (-2048 88 -122 ) (-2048 1024 -122 ) (-2048 1024 -128 ) 
4 28 88 (-2048 88 -122 ) (-2048 88 -120 ) (-2048 1024 -120 ) (-2048 1024 -122 ) 
4 28 31 (-2048 88 -128 ) (-2048 88 -1269 ) (-1520 88 -1269 ) (-1520 88 -128 ) 
4 28 30 (-1688 88 -120 ) (-2048 88 -120 ) (-2048 88 -122 ) (-1688 88 -122 ) 
4 29 57 (-1024 0 -128 ) (-1024 0 -120 ) (-1232 0 -120 ) (-1232 0 -128 ) 
4 29 31 (-1232 88 -128 ) (-1024 88 -128 ) (-1024 0 -128 ) (-1232 0 -128 ) 
4 30 117 (-2048 0 -122 ) (-2048 0 -120 ) (-2048 56 -120 ) (-2048 56 -122 ) 
4 30 88 (-2048 56 -120 ) (-2048 88 -120 ) (-2048 88 -122 ) (-2048 56 -122 ) 
4 30 60 (-1688 0 -120 ) (-2048 0 -120 ) (-2048 0 -122 ) (-1688 0 -122 ) 
4 31 142 (-2048 0 -1269 ) (-2048 0 -128 ) (-2048 88 -128 ) (-2048 88 -1269 ) 
4 31 77 (-1512 0 -128 ) (-1520 0 -128 ) (-1520 0 -1269 ) (-1512 0 -1269 ) 
4 31 76 (-1024 0 -1269 ) (-1024 0 -128 ) (-1512 0 -128 ) (-1512 0 -1269 ) 
4 31 80 (-1520 0 -128 ) (-2048 0 -128 ) (-2048 0 -1269 ) (-1520 0 -1269 ) 
4 32 43 (0 -1024 -1269 ) (0 -1024 -112 ) (0 0 -112 ) (0 0 -1269 ) 
4 32 41 (0 -1024 -112 ) (0 -1024 -104 ) (0 0 -104 ) (0 0 -112 ) 
4 32 37 (0 -1024 -104 ) (0 -1024 56 ) (0 0 56 ) (0 0 -104 ) 
4 32 34 (0 -1024 56 ) (0 -1024 1173 ) (0 0 1173 ) (0 0 56 ) 
4 32 33 (466.976990 -1024 1173 ) (0 -1024 1173 ) (0 -1024 -1269 ) (466.976990 -1024 -1269 ) 
4 33 83 (466.976990 -2048 1173 ) (0 -2048 1173 ) (0 -2048 -1269 ) (466.976990 -2048 -1269 ) 
4 33 81 (0 -2048 -1269 ) (0 -2048 1173 ) (0 -1024 1173 ) (0 -1024 -1269 ) 
4 34 81 (0 -1024 56 ) (0 -1024 1173 ) (-584 -1024 1173 ) (-584 -1024 56 ) 
4 34 37 (-584 0 56 ) (0 0 56 ) (0 -1024 56 ) (-584 -1024 56 ) 
4 34 35 (-584 -168 64 ) (-584 -168 1173 ) (-584 0 1173 ) (-584 0 64 ) 
4 34 36 (-584 -168 56 ) (-584 -1024 56 ) (-584 -1024 1173 ) (-584 -168 1173 ) 
4 35 44 (-1024 -168 1173 ) (-1024 0 1173 ) (-1024 0 64 ) (-1024 -168 64 ) 
4 35 36 (-584 -168 64 ) (-584 -168 1173 ) (-1024 -168 1173 ) (-1024 -168 64 ) 
4 36 81 (-584 -1024 1173 ) (-1024 -1024 1173 ) (-1024 -1024 56 ) (-584 -1024 56 ) 
4 36 45 (-1024 -1024 56 ) (-1024 -1024 1173 ) (-1024 -168 1173 ) (-1024 -168 56 ) 
4 36 39 (-896 -168 56 ) (-824 -168 56 ) (-824 -1024 56 ) (-896 -1024 56 ) 
4 36 37 (-824 -168 56 ) (-584 -168 56 ) (-584 -1024 56 ) (-824 -1024 56 ) 
4 36 40 (-1024 -1024 56 ) (-1024 -168 56 ) (-896 -168 56 ) (-896 -1024 56 ) 
4 37 81 (0 -1024 -104 ) (0 -1024 56 ) (-824 -1024 56 ) (-824 -1024 -104 ) 
4 37 42 (-592 -1024 -104 ) (-824 -1024 -104 ) (-824 -168 -104 ) (-592 -168 -104 ) 
4 37 41 (0 -1024 -104 ) (-592 -1024 -104 ) (-592 0 -104 ) (0 0 -104 ) 
4 37 38 (-824 0 -104 ) (-824 -160 -104 ) (-824 -160 56 ) (-824 0 56 ) 
4 37 39 (-824 -168 -104 ) (-824 -1024 -104 ) (-824 -1024 56 ) (-824 -168 56 ) 
4 38 40 (-896 0 -104 ) (-896 -160 -104 ) (-896 -160 56 ) (-896 0 56 ) 
4 39 81 (-824 -1024 56 ) (-896 -1024 56 ) (-896 -1024 -104 ) (-824 -1024 -104 ) 
4 39 42 (-824 -1024 -104 ) (-896 -1024 -104 ) (-896 -168 -104 ) (-824 -168 -104 ) 
4 39 40 (-896 -168 -104 ) (-896 -1024 -104 ) (-896 -1024 56 ) (-896 -168 56 ) 
4 40 81 (-896 -1024 56 ) (-1024 -1024 56 ) (-1024 -1024 -104 ) (-896 -1024 -104 ) 
4 40 46 (-1024 -160 56 ) (-1024 0 56 ) (-1024 0 -104 ) (-1024 -160 -104 ) 
4 40 47 (-1024 -1024 -104 ) (-1024 -1024 56 ) (-1024 -168 56 ) (-1024 -168 -104 ) 
4 40 42 (-896 -1024 -104 ) (-1024 -1024 -104 ) (-1024 -168 -104 ) (-896 -168 -104 ) 
4 41 81 (0 -1024 -112 ) (0 -1024 -104 ) (-592 -1024 -104 ) (-592 -1024 -112 ) 
4 41 43 (-592 0 -112 ) (0 0 -112 ) (0 -1024 -112 ) (-592 -1024 -112 ) 
4 41 42 (-592 -168 -112 ) (-592 -1024 -112 ) (-592 -1024 -104 ) (-592 -168 -104 ) 
4 42 81 (-592 -1024 -104 ) (-1024 -1024 -104 ) (-1024 -1024 -112 ) (-592 -1024 -112 ) 
4 42 51 (-1024 -1024 -112 ) (-1024 -1024 -104 ) (-1024 -168 -104 ) (-1024 -168 -112 ) 
4 42 43 (-1024 -1024 -112 ) (-1024 -168 -112 ) (-592 -168 -112 ) (-592 -1024 -112 ) 
4 43 81 (0 -1024 -1269 ) (0 -1024 -112 ) (-1024 -1024 -112 ) (-1024 -1024 -1269 ) 
4 43 76 (-1024 -1024 -1269 ) (-1024 -1024 -128 ) (-1024 0 -128 ) (-1024 0 -1269 ) 
4 43 63 (-1024 -1024 -128 ) (-1024 -1024 -120 ) (-1024 -168 -120 ) (-1024 -168 -128 ) 
4 43 62 (-1024 -168 -120 ) (-1024 -104 -120 ) (-1024 -104 -128 ) (-1024 -168 -128 ) 
4 43 57 (-1024 -104 -120 ) (-1024 0 -120 ) (-1024 0 -128 ) (-1024 -104 -128 ) 
4 43 50 (-1024 -168 -112 ) (-1024 0 -112 ) (-1024 0 -120 ) (-1024 -168 -120 ) 
4 43 51 (-1024 -1024 -120 ) (-1024 -1024 -112 ) (-1024 -168 -112 ) (-1024 -168 -120 ) 
4 44 52 (-1192 0 1173 ) (-1192 0 64 ) (-1192 -168 64 ) (-1192 -168 1173 ) 
4 44 45 (-1024 -168 64 ) (-1024 -168 1173 ) (-1192 -168 1173 ) (-1192 -168 64 ) 
4 45 82 (-1024 -1024 56 ) (-1024 -1024 1173 ) (-1192 -1024 1173 ) (-1192 -1024 56 ) 
4 45 52 (-1192 -168 56 ) (-1192 -1024 56 ) (-1192 -1024 1173 ) (-1192 -168 1173 ) 
4 45 49 (-1184 -1024 56 ) (-1192 -1024 56 ) (-1192 -168 56 ) (-1184 -168 56 ) 
4 45 47 (-1024 -1024 56 ) (-1184 -1024 56 ) (-1184 -168 56 ) (-1024 -168 56 ) 
4 46 48 (-1184 0 -104 ) (-1184 -136 -104 ) (-1184 -136 56 ) (-1184 0 56 ) 
4 47 82 (-1024 -1024 -104 ) (-1024 -1024 56 ) (-1184 -1024 56 ) (-1184 -1024 -104 ) 
4 47 51 (-1024 -168 -104 ) (-1024 -1024 -104 ) (-1184 -1024 -104 ) (-1184 -168 -104 ) 
4 47 49 (-1184 -168 -104 ) (-1184 -1024 -104 ) (-1184 -1024 56 ) (-1184 -168 56 ) 
4 48 52 (-1192 0 56 ) (-1192 0 -104 ) (-1192 -136 -104 ) (-1192 -136 56 ) 
4 49 82 (-1184 -1024 56 ) (-1192 -1024 56 ) (-1192 -1024 -104 ) (-1184 -1024 -104 ) 
4 49 52 (-1192 -168 -104 ) (-1192 -1024 -104 ) (-1192 -1024 56 ) (-1192 -168 56 ) 
4 49 51 (-1192 -1024 -104 ) (-1192 -168 -104 ) (-1184 -168 -104 ) (-1184 -1024 -104 ) 
4 50 62 (-1192 -168 -120 ) (-1192 -104 -120 ) (-1024 -104 -120 ) (-1024 -168 -120 ) 
4 50 57 (-1192 -104 -120 ) (-1192 0 -120 ) (-1024 0 -120 ) (-1024 -104 -120 ) 
4 50 52 (-1192 0 -112 ) (-1192 0 -120 ) (-1192 -168 -120 ) (-1192 -168 -112 ) 
4 50 51 (-1192 -168 -112 ) (-1192 -168 -120 ) (-1024 -168 -120 ) (-1024 -168 -112 ) 
4 51 82 (-1192 -1024 -120 ) (-1024 -1024 -120 ) (-1024 -1024 -104 ) (-1192 -1024 -104 ) 
4 51 63 (-1024 -1024 -120 ) (-1192 -1024 -120 ) (-1192 -168 -120 ) (-1024 -168 -120 ) 
4 51 52 (-1192 -168 -120 ) (-1192 -1024 -120 ) (-1192 -1024 -104 ) (-1192 -168 -104 ) 
4 52 82 (-1512 -1024 -120 ) (-1192 -1024 -120 ) (-1192 -1024 1173 ) (-1512 -1024 1173 ) 
4 52 63 (-1192 -1024 -120 ) (-1512 -1024 -120 ) (-1512 -168 -120 ) (-1192 -168 -120 ) 
4 52 62 (-1256 -104 -120 ) (-1192 -104 -120 ) (-1192 -168 -120 ) (-1256 -168 -120 ) 
4 52 58 (-1512 -104 -120 ) (-1512 -64 -120 ) (-1488 -64 -120 ) (-1488 -104 -120 ) 
4 52 57 (-1232 0 -120 ) (-1192 0 -120 ) (-1192 -104 -120 ) (-1232 -104 -120 ) 
4 52 54 (-1512 -856 168 ) (-1512 -856 1173 ) (-1512 -64 1173 ) (-1512 -64 168 ) 
4 52 53 (-1512 0 -120 ) (-1512 -64 -120 ) (-1512 -64 1173 ) (-1512 0 1173 ) 
4 52 55 (-1512 -856 -120 ) (-1512 -1024 -120 ) (-1512 -1024 1173 ) (-1512 -856 1173 ) 
4 53 54 (-1520 -64 1173 ) (-1520 -64 168 ) (-1512 -64 168 ) (-1512 -64 1173 ) 
4 53 56 (-1520 0 -120 ) (-1520 -64 -120 ) (-1520 -64 1173 ) (-1520 0 1173 ) 
4 54 56 (-1520 -856 168 ) (-1520 -856 1173 ) (-1520 -64 1173 ) (-1520 -64 168 ) 
4 54 55 (-1520 -856 1173 ) (-1520 -856 168 ) (-1512 -856 168 ) (-1512 -856 1173 ) 
4 55 82 (-1520 -1024 -120 ) (-1512 -1024 -120 ) (-1512 -1024 1173 ) (-1520 -1024 1173 ) 
4 55 64 (-1512 -1024 -120 ) (-1520 -1024 -120 ) (-1520 -856 -120 ) (-1512 -856 -120 ) 
4 55 56 (-1520 -856 -120 ) (-1520 -1024 -120 ) (-1520 -1024 1173 ) (-1520 -856 1173 ) 
4 56 242 (-2048 -1024 -120 ) (-2048 -1024 16 ) (-2048 -752 16 ) (-2048 -752 -120 ) 
4 56 237 (-2048 -752 16 ) (-2048 -624 16 ) (-2048 -624 -120 ) (-2048 -752 -120 ) 
4 56 214 (-2048 -624 16 ) (-2048 -576 16 ) (-2048 -576 -120 ) (-2048 -624 -120 ) 
4 56 204 (-2048 -240 16 ) (-2048 -136 16 ) (-2048 -136 -120 ) (-2048 -240 -120 ) 
4 56 205 (-2048 -576 16 ) (-2048 -240 16 ) (-2048 -240 -120 ) (-2048 -576 -120 ) 
4 56 197 (-2048 -136 16 ) (-2048 -48 16 ) (-2048 -48 -120 ) (-2048 -136 -120 ) 
4 56 158 (-2048 -48 16 ) (-2048 0 16 ) (-2048 0 -120 ) (-2048 -48 -120 ) 
4 56 150 (-2048 -1024 16 ) (-2048 -1024 24 ) (-2048 0 24 ) (-2048 0 16 ) 
4 56 149 (-2048 -1024 24 ) (-2048 -1024 1173 ) (-2048 0 1173 ) (-2048 0 24 ) 
4 56 82 (-2048 -1024 1173 ) (-2048 -1024 -120 ) (-1520 -1024 -120 ) (-1520 -1024 1173 ) 
4 56 74 (-1832 -624 -120 ) (-1520 -624 -120 ) (-1520 -752 -120 ) (-1832 -752 -120 ) 
4 56 75 (-1520 -1024 -120 ) (-2048 -1024 -120 ) (-2048 -752 -120 ) (-1520 -752 -120 ) 
4 56 73 (-2048 -624 -120 ) (-2048 -512 -120 ) (-1960 -512 -120 ) (-1960 -624 -120 ) 
4 56 71 (-1888 -296 -120 ) (-1520 -296 -120 ) (-1520 -512 -120 ) (-1888 -512 -120 ) 
4 56 72 (-2048 -512 -120 ) (-2048 -296 -120 ) (-2016 -296 -120 ) (-2016 -512 -120 ) 
4 56 69 (-2016 -240 -120 ) (-1952 -240 -120 ) (-1952 -296 -120 ) (-2016 -296 -120 ) 
4 56 68 (-1952 -240 -120 ) (-1520 -240 -120 ) (-1520 -296 -120 ) (-1952 -296 -120 ) 
4 56 70 (-2048 -296 -120 ) (-2048 -240 -120 ) (-2016 -240 -120 ) (-2016 -296 -120 ) 
4 56 67 (-2048 -240 -120 ) (-2048 -136 -120 ) (-1960 -136 -120 ) (-1960 -240 -120 ) 
4 56 66 (-2048 -136 -120 ) (-2048 -104 -120 ) (-1960 -104 -120 ) (-1960 -136 -120 ) 
4 56 65 (-1960 -104 -120 ) (-1520 -104 -120 ) (-1520 -240 -120 ) (-1960 -240 -120 ) 
4 56 60 (-2048 -16 -120 ) (-2048 0 -120 ) (-1688 0 -120 ) (-1688 -16 -120 ) 
4 56 61 (-2048 -104 -120 ) (-2048 -16 -120 ) (-1688 -16 -120 ) (-1688 -104 -120 ) 
4 56 59 (-1520 -64 -120 ) (-1520 -104 -120 ) (-1688 -104 -120 ) (-1688 -64 -120 ) 
4 57 76 (-1232 0 -128 ) (-1024 0 -128 ) (-1024 -104 -128 ) (-1232 -104 -128 ) 
4 57 62 (-1232 -104 -128 ) (-1024 -104 -128 ) (-1024 -104 -120 ) (-1232 -104 -120 ) 
4 58 76 (-1488 -64 -128 ) (-1488 -104 -128 ) (-1512 -104 -128 ) (-1512 -64 -128 ) 
4 59 80 (-1520 -104 -128 ) (-1688 -104 -128 ) (-1688 -64 -128 ) (-1520 -64 -128 ) 
4 59 65 (-1688 -104 -128 ) (-1520 -104 -128 ) (-1520 -104 -120 ) (-1688 -104 -120 ) 
4 59 61 (-1688 -64 -128 ) (-1688 -104 -128 ) (-1688 -104 -120 ) (-1688 -64 -120 ) 
4 60 172 (-2048 -16 -120 ) (-2048 0 -120 ) (-2048 0 -122 ) (-2048 -16 -122 ) 
4 60 61 (-1688 -16 -122 ) (-1688 -16 -120 ) (-2048 -16 -120 ) (-2048 -16 -122 ) 
4 61 203 (-2048 -48 -122 ) (-2048 -48 -128 ) (-2048 -104 -128 ) (-2048 -104 -122 ) 
4 61 197 (-2048 -104 -120 ) (-2048 -48 -120 ) (-2048 -48 -122 ) (-2048 -104 -122 ) 
4 61 173 (-2048 -48 -120 ) (-2048 -16 -120 ) (-2048 -16 -128 ) (-2048 -48 -128 ) 
4 61 80 (-1688 -16 -128 ) (-1688 -104 -128 ) (-2048 -104 -128 ) (-2048 -16 -128 ) 
4 61 66 (-2048 -104 -128 ) (-1960 -104 -128 ) (-1960 -104 -120 ) (-2048 -104 -120 ) 
4 61 65 (-1960 -104 -128 ) (-1688 -104 -128 ) (-1688 -104 -120 ) (-1960 -104 -120 ) 
4 62 76 (-1024 -104 -128 ) (-1024 -168 -128 ) (-1256 -168 -128 ) (-1256 -104 -128 ) 
4 62 63 (-1256 -168 -128 ) (-1024 -168 -128 ) (-1024 -168 -120 ) (-1256 -168 -120 ) 
4 63 82 (-1512 -1024 -128 ) (-1024 -1024 -128 ) (-1024 -1024 -120 ) (-1512 -1024 -120 ) 
4 63 76 (-1024 -168 -128 ) (-1024 -1024 -128 ) (-1512 -1024 -128 ) (-1512 -168 -128 ) 
4 63 64 (-1512 -856 -128 ) (-1512 -1024 -128 ) (-1512 -1024 -120 ) (-1512 -856 -120 ) 
4 64 82 (-1520 -1024 -128 ) (-1512 -1024 -128 ) (-1512 -1024 -120 ) (-1520 -1024 -120 ) 
4 64 79 (-1512 -1024 -128 ) (-1520 -1024 -128 ) (-1520 -856 -128 ) (-1512 -856 -128 ) 
4 64 75 (-1520 -856 -128 ) (-1520 -1024 -128 ) (-1520 -1024 -120 ) (-1520 -856 -120 ) 
4 65 80 (-1960 -104 -128 ) (-1520 -104 -128 ) (-1520 -240 -128 ) (-1960 -240 -128 ) 
4 65 69 (-1952 -240 -122 ) (-1952 -240 -120 ) (-1960 -240 -120 ) (-1960 -240 -122 ) 
4 65 68 (-1952 -240 -128 ) (-1520 -240 -128 ) (-1520 -240 -120 ) (-1952 -240 -120 ) 
4 65 67 (-1960 -240 -122 ) (-1960 -240 -120 ) (-1960 -136 -120 ) (-1960 -136 -122 ) 
4 65 66 (-1960 -104 -120 ) (-1960 -104 -128 ) (-1960 -136 -128 ) (-1960 -136 -120 ) 
4 66 203 (-2048 -104 -122 ) (-2048 -104 -128 ) (-2048 -136 -128 ) (-2048 -136 -122 ) 
4 66 197 (-2048 -136 -120 ) (-2048 -104 -120 ) (-2048 -104 -122 ) (-2048 -136 -122 ) 
4 66 80 (-2048 -136 -128 ) (-2048 -104 -128 ) (-1960 -104 -128 ) (-1960 -136 -128 ) 
4 66 67 (-1960 -136 -122 ) (-1960 -136 -120 ) (-2048 -136 -120 ) (-2048 -136 -122 ) 
4 67 204 (-2048 -240 -120 ) (-2048 -136 -120 ) (-2048 -136 -122 ) (-2048 -240 -122 ) 
4 67 69 (-1960 -240 -122 ) (-1960 -240 -120 ) (-2016 -240 -120 ) (-2016 -240 -122 ) 
4 67 70 (-2016 -240 -120 ) (-2048 -240 -120 ) (-2048 -240 -122 ) (-2016 -240 -122 ) 
4 68 80 (-1952 -240 -128 ) (-1520 -240 -128 ) (-1520 -296 -128 ) (-1952 -296 -128 ) 
4 68 71 (-1888 -296 -128 ) (-1520 -296 -128 ) (-1520 -296 -120 ) (-1888 -296 -120 ) 
4 68 69 (-1952 -240 -120 ) (-1952 -240 -122 ) (-1952 -296 -122 ) (-1952 -296 -120 ) 
4 69 70 (-2016 -240 -120 ) (-2016 -240 -122 ) (-2016 -296 -122 ) (-2016 -296 -120 ) 
4 70 205 (-2048 -296 -120 ) (-2048 -240 -120 ) (-2048 -240 -128 ) (-2048 -296 -128 ) 
4 70 80 (-2048 -296 -128 ) (-2048 -240 -128 ) (-2016 -240 -128 ) (-2016 -296 -128 ) 
4 70 72 (-2048 -296 -128 ) (-2016 -296 -128 ) (-2016 -296 -120 ) (-2048 -296 -120 ) 
4 71 80 (-1888 -296 -128 ) (-1520 -296 -128 ) (-1520 -512 -128 ) (-1888 -512 -128 ) 
4 72 205 (-2048 -512 -120 ) (-2048 -296 -120 ) (-2048 -296 -128 ) (-2048 -512 -128 ) 
4 72 80 (-2048 -512 -128 ) (-2048 -296 -128 ) (-2016 -296 -128 ) (-2016 -512 -128 ) 
4 72 73 (-2048 -512 -128 ) (-2016 -512 -128 ) (-2016 -512 -120 ) (-2048 -512 -120 ) 
4 73 214 (-2048 -624 -120 ) (-2048 -576 -120 ) (-2048 -576 -128 ) (-2048 -624 -128 ) 
4 73 205 (-2048 -576 -120 ) (-2048 -512 -120 ) (-2048 -512 -128 ) (-2048 -576 -128 ) 
4 73 80 (-2048 -624 -128 ) (-2048 -512 -128 ) (-1960 -512 -128 ) (-1960 -624 -128 ) 
4 74 80 (-1832 -624 -128 ) (-1520 -624 -128 ) (-1520 -752 -128 ) (-1832 -752 -128 ) 
4 74 75 (-1832 -752 -128 ) (-1520 -752 -128 ) (-1520 -752 -120 ) (-1832 -752 -120 ) 
4 75 242 (-2048 -1024 -128 ) (-2048 -1024 -120 ) (-2048 -752 -120 ) (-2048 -752 -128 ) 
4 75 82 (-2048 -1024 -120 ) (-2048 -1024 -128 ) (-1520 -1024 -128 ) (-1520 -1024 -120 ) 
4 75 80 (-1520 -1024 -128 ) (-2048 -1024 -128 ) (-2048 -752 -128 ) (-1520 -752 -128 ) 
4 76 82 (-1512 -1024 -1269 ) (-1024 -1024 -1269 ) (-1024 -1024 -128 ) (-1512 -1024 -128 ) 
4 76 78 (-1512 -64 -1269 ) (-1512 -856 -1269 ) (-1512 -856 -136 ) (-1512 -64 -136 ) 
4 76 77 (-1512 0 -1269 ) (-1512 -64 -1269 ) (-1512 -64 -128 ) (-1512 0 -128 ) 
4 76 79 (-1512 -856 -1269 ) (-1512 -1024 -1269 ) (-1512 -1024 -128 ) (-1512 -856 -128 ) 
4 77 78 (-1520 -64 -136 ) (-1520 -64 -1269 ) (-1512 -64 -1269 ) (-1512 -64 -136 ) 
4 77 80 (-1520 0 -1269 ) (-1520 -64 -1269 ) (-1520 -64 -128 ) (-1520 0 -128 ) 
4 78 80 (-1520 -64 -1269 ) (-1520 -856 -1269 ) (-1520 -856 -136 ) (-1520 -64 -136 ) 
4 78 79 (-1520 -856 -136 ) (-1520 -856 -1269 ) (-1512 -856 -1269 ) (-1512 -856 -136 ) 
4 79 82 (-1520 -1024 -1269 ) (-1512 -1024 -1269 ) (-1512 -1024 -128 ) (-1520 -1024 -128 ) 
4 79 80 (-1520 -856 -1269 ) (-1520 -1024 -1269 ) (-1520 -1024 -128 ) (-1520 -856 -128 ) 
4 80 258 (-2048 -1024 -1269 ) (-2048 -1024 -128 ) (-2048 0 -128 ) (-2048 0 -1269 ) 
4 80 82 (-2048 -1024 -128 ) (-2048 -1024 -1269 ) (-1520 -1024 -1269 ) (-1520 -1024 -128 ) 
4 81 84 (0 -2048 -1269 ) (0 -2048 1173 ) (-1024 -2048 1173 ) (-1024 -2048 -1269 ) 
4 81 82 (-1024 -1024 1173 ) (-1024 -1024 -1269 ) (-1024 -2048 -1269 ) (-1024 -2048 1173 ) 
4 82 285 (-2048 -2048 -1269 ) (-2048 -2048 1173 ) (-2048 -1024 1173 ) (-2048 -1024 -1269 ) 
4 82 85 (-2048 -2048 1173 ) (-2048 -2048 -1269 ) (-1024 -2048 -1269 ) (-1024 -2048 1173 ) 
4 83 84 (0 -2048 1173 ) (0 -2048 -1269 ) (0 -2072.790039 -1269 ) (0 -2072.790039 1173 ) 
4 84 85 (-1024 -2048 1173 ) (-1024 -2048 -1269 ) (-1024 -2072.790039 -1269 ) (-1024 -2072.790039 1173 ) 
4 85 289 (-2048 -2072.790039 1173 ) (-2048 -2048 1173 ) (-2048 -2048 -1269 ) (-2048 -2072.790039 -1269 ) 
4 86 142 (-2048 1024 -1269 ) (-2048 1024 -128 ) (-3072 1024 -128 ) (-3072 1024 -1269 ) 
4 86 97 (-2864 1024 1173 ) (-3072 1024 1173 ) (-3072 1024 -128 ) (-2864 1024 -128 ) 
4 86 95 (-2856 1024 1173 ) (-2864 1024 1173 ) (-2864 1024 -128 ) (-2856 1024 -128 ) 
4 86 93 (-2272 1024 -122 ) (-2464 1024 -122 ) (-2464 1024 -128 ) (-2272 1024 -128 ) 
4 86 94 (-2464 1024 -122 ) (-2856 1024 -122 ) (-2856 1024 -128 ) (-2464 1024 -128 ) 
4 86 92 (-2048 1024 -128 ) (-2048 1024 -122 ) (-2272 1024 -122 ) (-2272 1024 -128 ) 
4 86 89 (-2704 1024 1173 ) (-2856 1024 1173 ) (-2856 1024 -122 ) (-2704 1024 -122 ) 
4 86 88 (-2048 1024 -122 ) (-2048 1024 1173 ) (-2704 1024 1173 ) (-2704 1024 -122 ) 
4 86 87 (-3072 1709.790039 -1269 ) (-3072 1024 -1269 ) (-3072 1024 1173 ) (-3072 1709.790039 1173 ) 
4 87 147 (-4096 1024 -1269 ) (-4096 1024 1173 ) (-4096 1709.790039 1173 ) (-4096 1709.790039 -1269 ) 
4 87 146 (-4096 1024 -128 ) (-4096 1024 -1269 ) (-3072 1024 -1269 ) (-3072 1024 -128 ) 
4 87 143 (-3288 1024 -128 ) (-3072 1024 -128 ) (-3072 1024 1173 ) (-3288 1024 1173 ) 
4 87 145 (-4096 1024 1173 ) (-4096 1024 -128 ) (-3288 1024 -128 ) (-3288 1024 1173 ) 
4 88 136 (-2696 56 -122 ) (-2688 56 -122 ) (-2688 56 8 ) (-2696 56 8 ) 
4 88 137 (-2704 56 16 ) (-2704 56 -122 ) (-2696 56 -122 ) (-2696 56 16 ) 
4 88 134 (-2680 56 8 ) (-2680 56 16 ) (-2688 56 16 ) (-2688 56 8 ) 
4 88 135 (-2688 56 -122 ) (-2680 56 -122 ) (-2680 56 0 ) (-2688 56 0 ) 
4 88 133 (-2696 56 1173 ) (-2704 56 1173 ) (-2704 56 24 ) (-2696 56 24 ) 
4 88 132 (-2680 56 1173 ) (-2696 56 1173 ) (-2696 56 16 ) (-2680 56 16 ) 
4 88 130 (-2664 56 -122 ) (-2656 56 -122 ) (-2656 56 -24 ) (-2664 56 -24 ) 
4 88 131 (-2680 56 -16 ) (-2680 56 -122 ) (-2664 56 -122 ) (-2664 56 -16 ) 
4 88 128 (-2648 56 -24 ) (-2648 56 -16 ) (-2656 56 -16 ) (-2656 56 -24 ) 
4 88 129 (-2656 56 -122 ) (-2648 56 -122 ) (-2648 56 -32 ) (-2656 56 -32 ) 
4 88 126 (-2640 56 -32 ) (-2640 56 -16 ) (-2648 56 -16 ) (-2648 56 -32 ) 
4 88 127 (-2648 56 -122 ) (-2640 56 -122 ) (-2640 56 -40 ) (-2648 56 -40 ) 
4 88 124 (-2632 56 -40 ) (-2632 56 -16 ) (-2640 56 -16 ) (-2640 56 -40 ) 
4 88 125 (-2640 56 -122 ) (-2632 56 -122 ) (-2632 56 -48 ) (-2640 56 -48 ) 
4 88 122 (-2664 56 -16 ) (-2632 56 -16 ) (-2632 56 -8 ) (-2664 56 -8 ) 
4 88 123 (-2680 56 -8 ) (-2680 56 -16 ) (-2672 56 -16 ) (-2672 56 -8 ) 
4 88 121 (-2672 56 1173 ) (-2680 56 1173 ) (-2680 56 0 ) (-2672 56 0 ) 
4 88 120 (-2632 56 1173 ) (-2672 56 1173 ) (-2672 56 -8 ) (-2632 56 -8 ) 
4 88 119 (-2560 56 -120 ) (-2632 56 -120 ) (-2632 56 -122 ) (-2560 56 -122 ) 
4 88 118 (-2272 56 -120 ) (-2464 56 -120 ) (-2464 56 -122 ) (-2272 56 -122 ) 
4 88 117 (-2048 56 -122 ) (-2048 56 -120 ) (-2272 56 -120 ) (-2272 56 -122 ) 
4 88 115 (-2584 56 -104 ) (-2584 56 -120 ) (-2576 56 -120 ) (-2576 56 -104 ) 
4 88 116 (-2584 56 -96 ) (-2632 56 -96 ) (-2632 56 -120 ) (-2584 56 -120 ) 
4 88 113 (-2568 56 -96 ) (-2576 56 -96 ) (-2576 56 -104 ) (-2568 56 -104 ) 
4 88 114 (-2576 56 -112 ) (-2576 56 -120 ) (-2568 56 -120 ) (-2568 56 -112 ) 
4 88 112 (-2560 56 -96 ) (-2568 56 -96 ) (-2568 56 -112 ) (-2560 56 -112 ) 
4 88 111 (-2048 56 -120 ) (-2048 56 -96 ) (-2560 56 -96 ) (-2560 56 -120 ) 
4 88 109 (-2616 56 -72 ) (-2616 56 -96 ) (-2608 56 -96 ) (-2608 56 -72 ) 
4 88 110 (-2616 56 -64 ) (-2632 56 -64 ) (-2632 56 -96 ) (-2616 56 -96 ) 
4 88 107 (-2600 56 -64 ) (-2608 56 -64 ) (-2608 56 -72 ) (-2600 56 -72 ) 
4 88 108 (-2608 56 -80 ) (-2608 56 -96 ) (-2600 56 -96 ) (-2600 56 -80 ) 
4 88 105 (-2592 56 -64 ) (-2600 56 -64 ) (-2600 56 -80 ) (-2592 56 -80 ) 
4 88 106 (-2600 56 -88 ) (-2600 56 -96 ) (-2592 56 -96 ) (-2592 56 -88 ) 
4 88 104 (-2584 56 -64 ) (-2592 56 -64 ) (-2592 56 -88 ) (-2584 56 -88 ) 
4 88 103 (-2048 56 -96 ) (-2048 56 -64 ) (-2584 56 -64 ) (-2584 56 -96 ) 
4 88 101 (-2048 56 -64 ) (-2048 56 -56 ) (-2616 56 -56 ) (-2616 56 -64 ) 
4 88 102 (-2624 56 -56 ) (-2632 56 -56 ) (-2632 56 -64 ) (-2624 56 -64 ) 
4 88 100 (-2624 56 1173 ) (-2632 56 1173 ) (-2632 56 -48 ) (-2624 56 -48 ) 
4 88 99 (-2048 56 -56 ) (-2048 56 1173 ) (-2624 56 1173 ) (-2624 56 -56 ) 
4 88 93 (-2464 152 -122 ) (-2464 1024 -122 ) (-2272 1024 -122 ) (-2272 152 -122 ) 
4 88 94 (-2464 56 -122 ) (-2704 56 -122 ) (-2704 1024 -122 ) (-2464 1024 -122 ) 
4 88 92 (-2272 88 -122 ) (-2272 1024 -122 ) (-2048 1024 -122 ) (-2048 88 -122 ) 
4 88 90 (-2704 56 30 ) (-2704 56 1173 ) (-2704 312 1173 ) (-2704 312 30 ) 
4 88 91 (-2704 312 -122 ) (-2704 56 -122 ) (-2704 56 24 ) (-2704 312 24 ) 
4 88 89 (-2704 1024 -122 ) (-2704 312 -122 ) (-2704 312 1173 ) (-2704 1024 1173 ) 
4 89 96 (-2856 312 1173 ) (-2856 384 1173 ) (-2856 384 32 ) (-2856 312 32 ) 
4 89 95 (-2856 384 1173 ) (-2856 1024 1173 ) (-2856 1024 -122 ) (-2856 384 -122 ) 
4 89 94 (-2856 312 -122 ) (-2856 1024 -122 ) (-2704 1024 -122 ) (-2704 312 -122 ) 
4 89 90 (-2704 312 30 ) (-2704 312 1173 ) (-2856 312 1173 ) (-2856 312 30 ) 
4 89 91 (-2856 312 -122 ) (-2704 312 -122 ) (-2704 312 24 ) (-2856 312 24 ) 
4 90 138 (-2704 56 1173 ) (-2856 56 1173 ) (-2856 56 30 ) (-2704 56 30 ) 
4 90 96 (-2856 56 32 ) (-2856 56 1173 ) (-2856 312 1173 ) (-2856 312 32 ) 
4 91 139 (-2856 56 24 ) (-2856 56 -122 ) (-2704 56 -122 ) (-2704 56 24 ) 
4 91 94 (-2704 56 -122 ) (-2856 56 -122 ) (-2856 312 -122 ) (-2704 312 -122 ) 
4 92 142 (-2272 1024 -128 ) (-2048 1024 -128 ) (-2048 88 -128 ) (-2272 88 -128 ) 
4 92 93 (-2272 1024 -128 ) (-2272 152 -128 ) (-2272 152 -122 ) (-2272 1024 -122 ) 
4 93 142 (-2464 1024 -128 ) (-2272 1024 -128 ) (-2272 152 -128 ) (-2464 152 -128 ) 
4 93 94 (-2464 1024 -128 ) (-2464 152 -128 ) (-2464 152 -122 ) (-2464 1024 -122 ) 
4 94 142 (-2856 1024 -128 ) (-2464 1024 -128 ) (-2464 56 -128 ) (-2856 56 -128 ) 
4 94 139 (-2856 56 -128 ) (-2704 56 -128 ) (-2704 56 -122 ) (-2856 56 -122 ) 
4 94 136 (-2696 56 -128 ) (-2688 56 -128 ) (-2688 56 -122 ) (-2696 56 -122 ) 
4 94 137 (-2704 56 -128 ) (-2696 56 -128 ) (-2696 56 -122 ) (-2704 56 -122 ) 
4 94 135 (-2688 56 -128 ) (-2680 56 -128 ) (-2680 56 -122 ) (-2688 56 -122 ) 
4 94 130 (-2664 56 -128 ) (-2656 56 -128 ) (-2656 56 -122 ) (-2664 56 -122 ) 
4 94 131 (-2680 56 -128 ) (-2664 56 -128 ) (-2664 56 -122 ) (-2680 56 -122 ) 
4 94 129 (-2656 56 -128 ) (-2648 56 -128 ) (-2648 56 -122 ) (-2656 56 -122 ) 
4 94 127 (-2648 56 -128 ) (-2640 56 -128 ) (-2640 56 -122 ) (-2648 56 -122 ) 
4 94 125 (-2640 56 -128 ) (-2632 56 -128 ) (-2632 56 -122 ) (-2640 56 -122 ) 
4 94 119 (-2632 56 -128 ) (-2560 56 -128 ) (-2560 56 -122 ) (-2632 56 -122 ) 
4 94 95 (-2856 1024 -128 ) (-2856 384 -128 ) (-2856 384 -122 ) (-2856 1024 -122 ) 
4 95 142 (-2864 1024 -128 ) (-2856 1024 -128 ) (-2856 384 -128 ) (-2864 384 -128 ) 
4 95 97 (-2864 1024 1173 ) (-2864 1024 -128 ) (-2864 384 -128 ) (-2864 384 1173 ) 
4 95 96 (-2856 384 32 ) (-2856 384 1173 ) (-2864 384 1173 ) (-2864 384 32 ) 
4 96 140 (-2856 56 32 ) (-2856 56 1173 ) (-2864 56 1173 ) (-2864 56 32 ) 
4 96 98 (-2864 56 32 ) (-2864 56 1173 ) (-2864 384 1173 ) (-2864 384 32 ) 
4 97 143 (-3072 1024 1173 ) (-3072 1024 -128 ) (-3072 384 -128 ) (-3072 384 1173 ) 
4 97 142 (-3072 1024 -128 ) (-2864 1024 -128 ) (-2864 384 -128 ) (-3072 384 -128 ) 
4 97 98 (-2864 384 -122 ) (-2864 384 1173 ) (-3072 384 1173 ) (-3072 384 -122 ) 
4 98 144 (-3072 56 -122 ) (-3072 56 1173 ) (-3072 384 1173 ) (-3072 384 -122 ) 
4 98 141 (-3072 56 1173 ) (-3072 56 -122 ) (-2864 56 -122 ) (-2864 56 1173 ) 
4 99 176 (-2616 0 16 ) (-2624 0 16 ) (-2624 0 -56 ) (-2616 0 -56 ) 
4 99 170 (-2608 0 16 ) (-2616 0 16 ) (-2616 0 -56 ) (-2608 0 -56 ) 
4 99 168 (-2600 0 16 ) (-2608 0 16 ) (-2608 0 -56 ) (-2600 0 -56 ) 
4 99 166 (-2592 0 16 ) (-2600 0 16 ) (-2600 0 -56 ) (-2592 0 -56 ) 
4 99 164 (-2584 0 16 ) (-2592 0 16 ) (-2592 0 -56 ) (-2584 0 -56 ) 
4 99 162 (-2576 0 16 ) (-2584 0 16 ) (-2584 0 -56 ) (-2576 0 -56 ) 
4 99 160 (-2568 0 16 ) (-2576 0 16 ) (-2576 0 -56 ) (-2568 0 -56 ) 
4 99 159 (-2560 0 16 ) (-2568 0 16 ) (-2568 0 -56 ) (-2560 0 -56 ) 
4 99 158 (-2048 0 -56 ) (-2048 0 16 ) (-2560 0 16 ) (-2560 0 -56 ) 
4 99 150 (-2048 0 16 ) (-2048 0 24 ) (-2624 0 24 ) (-2624 0 16 ) 
4 99 149 (-2048 0 24 ) (-2048 0 1173 ) (-2624 0 1173 ) (-2624 0 24 ) 
4 99 101 (-2048 0 -56 ) (-2616 0 -56 ) (-2616 56 -56 ) (-2048 56 -56 ) 
4 99 100 (-2624 0 -48 ) (-2624 0 1173 ) (-2624 56 1173 ) (-2624 56 -48 ) 
4 100 178 (-2632 0 16 ) (-2632 0 -48 ) (-2624 0 -48 ) (-2624 0 16 ) 
4 100 150 (-2632 0 24 ) (-2632 0 16 ) (-2624 0 16 ) (-2624 0 24 ) 
4 100 149 (-2624 0 1173 ) (-2632 0 1173 ) (-2632 0 24 ) (-2624 0 24 ) 
4 100 124 (-2632 56 -16 ) (-2632 56 -40 ) (-2632 0 -40 ) (-2632 0 -16 ) 
4 100 122 (-2632 56 -8 ) (-2632 56 -16 ) (-2632 0 -16 ) (-2632 0 -8 ) 
4 100 120 (-2632 56 1173 ) (-2632 56 -8 ) (-2632 0 -8 ) (-2632 0 1173 ) 
4 101 170 (-2608 0 -56 ) (-2616 0 -56 ) (-2616 0 -64 ) (-2608 0 -64 ) 
4 101 168 (-2600 0 -56 ) (-2608 0 -56 ) (-2608 0 -64 ) (-2600 0 -64 ) 
4 101 166 (-2592 0 -56 ) (-2600 0 -56 ) (-2600 0 -64 ) (-2592 0 -64 ) 
4 101 164 (-2584 0 -56 ) (-2592 0 -56 ) (-2592 0 -64 ) (-2584 0 -64 ) 
4 101 162 (-2576 0 -56 ) (-2584 0 -56 ) (-2584 0 -64 ) (-2576 0 -64 ) 
4 101 160 (-2568 0 -56 ) (-2576 0 -56 ) (-2576 0 -64 ) (-2568 0 -64 ) 
4 101 159 (-2560 0 -56 ) (-2568 0 -56 ) (-2568 0 -64 ) (-2560 0 -64 ) 
4 101 158 (-2048 0 -64 ) (-2048 0 -56 ) (-2560 0 -56 ) (-2560 0 -64 ) 
4 101 107 (-2608 56 -64 ) (-2600 56 -64 ) (-2600 0 -64 ) (-2608 0 -64 ) 
4 101 105 (-2600 56 -64 ) (-2592 56 -64 ) (-2592 0 -64 ) (-2600 0 -64 ) 
4 101 104 (-2592 56 -64 ) (-2584 56 -64 ) (-2584 0 -64 ) (-2592 0 -64 ) 
4 101 103 (-2584 56 -64 ) (-2048 56 -64 ) (-2048 0 -64 ) (-2584 0 -64 ) 
4 102 179 (-2624 0 -56 ) (-2632 0 -56 ) (-2632 0 -64 ) (-2624 0 -64 ) 
4 102 125 (-2632 56 -56 ) (-2632 56 -64 ) (-2632 0 -64 ) (-2632 0 -56 ) 
4 102 110 (-2632 0 -64 ) (-2632 56 -64 ) (-2624 56 -64 ) (-2624 0 -64 ) 
4 103 162 (-2576 0 -64 ) (-2584 0 -64 ) (-2584 0 -96 ) (-2576 0 -96 ) 
4 103 160 (-2568 0 -64 ) (-2576 0 -64 ) (-2576 0 -96 ) (-2568 0 -96 ) 
4 103 159 (-2560 0 -64 ) (-2568 0 -64 ) (-2568 0 -96 ) (-2560 0 -96 ) 
4 103 158 (-2048 0 -96 ) (-2048 0 -64 ) (-2560 0 -64 ) (-2560 0 -96 ) 
4 103 113 (-2568 0 -96 ) (-2576 0 -96 ) (-2576 56 -96 ) (-2568 56 -96 ) 
4 103 112 (-2560 0 -96 ) (-2568 0 -96 ) (-2568 56 -96 ) (-2560 56 -96 ) 
4 103 111 (-2048 0 -96 ) (-2560 0 -96 ) (-2560 56 -96 ) (-2048 56 -96 ) 
4 103 104 (-2584 0 -88 ) (-2584 0 -64 ) (-2584 56 -64 ) (-2584 56 -88 ) 
4 104 164 (-2584 0 -64 ) (-2592 0 -64 ) (-2592 0 -88 ) (-2584 0 -88 ) 
4 104 105 (-2592 0 -80 ) (-2592 0 -64 ) (-2592 56 -64 ) (-2592 56 -80 ) 
4 105 166 (-2592 0 -64 ) (-2600 0 -64 ) (-2600 0 -80 ) (-2592 0 -80 ) 
4 105 107 (-2600 0 -72 ) (-2600 0 -64 ) (-2600 56 -64 ) (-2600 56 -72 ) 
4 106 167 (-2600 0 -88 ) (-2600 0 -96 ) (-2592 0 -96 ) (-2592 0 -88 ) 
4 106 116 (-2592 0 -96 ) (-2600 0 -96 ) (-2600 56 -96 ) (-2592 56 -96 ) 
4 106 108 (-2600 56 -96 ) (-2600 0 -96 ) (-2600 0 -88 ) (-2600 56 -88 ) 
4 107 168 (-2600 0 -64 ) (-2608 0 -64 ) (-2608 0 -72 ) (-2600 0 -72 ) 
4 108 169 (-2608 0 -80 ) (-2608 0 -96 ) (-2600 0 -96 ) (-2600 0 -80 ) 
4 108 116 (-2600 0 -96 ) (-2608 0 -96 ) (-2608 56 -96 ) (-2600 56 -96 ) 
4 108 109 (-2608 56 -96 ) (-2608 0 -96 ) (-2608 0 -80 ) (-2608 56 -80 ) 
4 109 171 (-2616 0 -72 ) (-2616 0 -96 ) (-2608 0 -96 ) (-2608 0 -72 ) 
4 109 116 (-2608 0 -96 ) (-2616 0 -96 ) (-2616 56 -96 ) (-2608 56 -96 ) 
4 109 110 (-2616 56 -96 ) (-2616 0 -96 ) (-2616 0 -72 ) (-2616 56 -72 ) 
4 110 179 (-2624 0 -64 ) (-2632 0 -64 ) (-2632 0 -96 ) (-2624 0 -96 ) 
4 110 177 (-2616 0 -64 ) (-2624 0 -64 ) (-2624 0 -96 ) (-2616 0 -96 ) 
4 110 125 (-2632 56 -64 ) (-2632 56 -96 ) (-2632 0 -96 ) (-2632 0 -64 ) 
4 110 116 (-2616 0 -96 ) (-2632 0 -96 ) (-2632 56 -96 ) (-2616 56 -96 ) 
4 111 158 (-2048 0 -120 ) (-2048 0 -96 ) (-2560 0 -96 ) (-2560 0 -120 ) 
4 111 118 (-2464 56 -120 ) (-2272 56 -120 ) (-2272 0 -120 ) (-2464 0 -120 ) 
4 111 117 (-2272 56 -120 ) (-2048 56 -120 ) (-2048 0 -120 ) (-2272 0 -120 ) 
4 111 112 (-2560 0 -112 ) (-2560 0 -96 ) (-2560 56 -96 ) (-2560 56 -112 ) 
4 112 159 (-2560 0 -96 ) (-2568 0 -96 ) (-2568 0 -112 ) (-2560 0 -112 ) 
4 112 113 (-2568 0 -104 ) (-2568 0 -96 ) (-2568 56 -96 ) (-2568 56 -104 ) 
4 113 160 (-2568 0 -96 ) (-2576 0 -96 ) (-2576 0 -104 ) (-2568 0 -104 ) 
4 114 161 (-2576 0 -112 ) (-2576 0 -120 ) (-2568 0 -120 ) (-2568 0 -112 ) 
4 114 119 (-2576 56 -120 ) (-2568 56 -120 ) (-2568 0 -120 ) (-2576 0 -120 ) 
4 114 115 (-2576 56 -120 ) (-2576 0 -120 ) (-2576 0 -112 ) (-2576 56 -112 ) 
4 115 163 (-2584 0 -104 ) (-2584 0 -120 ) (-2576 0 -120 ) (-2576 0 -104 ) 
4 115 119 (-2584 56 -120 ) (-2576 56 -120 ) (-2576 0 -120 ) (-2584 0 -120 ) 
4 115 116 (-2584 56 -120 ) (-2584 0 -120 ) (-2584 0 -104 ) (-2584 56 -104 ) 
4 116 179 (-2624 0 -96 ) (-2632 0 -96 ) (-2632 0 -120 ) (-2624 0 -120 ) 
4 116 177 (-2616 0 -96 ) (-2624 0 -96 ) (-2624 0 -120 ) (-2616 0 -120 ) 
4 116 171 (-2608 0 -96 ) (-2616 0 -96 ) (-2616 0 -120 ) (-2608 0 -120 ) 
4 116 169 (-2600 0 -96 ) (-2608 0 -96 ) (-2608 0 -120 ) (-2600 0 -120 ) 
4 116 167 (-2592 0 -96 ) (-2600 0 -96 ) (-2600 0 -120 ) (-2592 0 -120 ) 
4 116 165 (-2584 0 -96 ) (-2592 0 -96 ) (-2592 0 -120 ) (-2584 0 -120 ) 
4 116 125 (-2632 56 -96 ) (-2632 56 -120 ) (-2632 0 -120 ) (-2632 0 -96 ) 
4 116 119 (-2632 0 -120 ) (-2632 56 -120 ) (-2584 56 -120 ) (-2584 0 -120 ) 
4 117 172 (-2048 0 -122 ) (-2048 0 -120 ) (-2272 0 -120 ) (-2272 0 -122 ) 
4 117 118 (-2272 0 -120 ) (-2272 56 -120 ) (-2272 56 -122 ) (-2272 0 -122 ) 
4 118 174 (-2272 0 -120 ) (-2464 0 -120 ) (-2464 0 -122 ) (-2272 0 -122 ) 
4 119 179 (-2624 0 -120 ) (-2632 0 -120 ) (-2632 0 -128 ) (-2624 0 -128 ) 
4 119 177 (-2616 0 -120 ) (-2624 0 -120 ) (-2624 0 -128 ) (-2616 0 -128 ) 
4 119 175 (-2560 0 -120 ) (-2616 0 -120 ) (-2616 0 -128 ) (-2560 0 -128 ) 
4 119 142 (-2560 0 -128 ) (-2632 0 -128 ) (-2632 56 -128 ) (-2560 56 -128 ) 
4 119 125 (-2632 56 -120 ) (-2632 56 -128 ) (-2632 0 -128 ) (-2632 0 -120 ) 
4 120 188 (-2672 0 -8 ) (-2664 0 -8 ) (-2664 0 16 ) (-2672 0 16 ) 
4 120 186 (-2664 0 -8 ) (-2656 0 -8 ) (-2656 0 16 ) (-2664 0 16 ) 
4 120 184 (-2656 0 -8 ) (-2648 0 -8 ) (-2648 0 16 ) (-2656 0 16 ) 
4 120 182 (-2648 0 -8 ) (-2640 0 -8 ) (-2640 0 16 ) (-2648 0 16 ) 
4 120 180 (-2640 0 -8 ) (-2632 0 -8 ) (-2632 0 16 ) (-2640 0 16 ) 
4 120 150 (-2632 0 16 ) (-2632 0 24 ) (-2672 0 24 ) (-2672 0 16 ) 
4 120 149 (-2632 0 24 ) (-2632 0 1173 ) (-2672 0 1173 ) (-2672 0 24 ) 
4 120 122 (-2664 56 -8 ) (-2632 56 -8 ) (-2632 0 -8 ) (-2664 0 -8 ) 
4 120 121 (-2672 0 0 ) (-2672 0 1173 ) (-2672 56 1173 ) (-2672 56 0 ) 
4 121 190 (-2680 0 16 ) (-2680 0 0 ) (-2672 0 0 ) (-2672 0 16 ) 
4 121 150 (-2680 0 24 ) (-2680 0 16 ) (-2672 0 16 ) (-2672 0 24 ) 
4 121 149 (-2680 0 1173 ) (-2680 0 24 ) (-2672 0 24 ) (-2672 0 1173 ) 
4 121 134 (-2680 56 16 ) (-2680 56 8 ) (-2680 0 8 ) (-2680 0 16 ) 
4 121 132 (-2680 56 1173 ) (-2680 56 16 ) (-2680 0 16 ) (-2680 0 1173 ) 
4 122 186 (-2664 0 -16 ) (-2656 0 -16 ) (-2656 0 -8 ) (-2664 0 -8 ) 
4 122 184 (-2656 0 -16 ) (-2648 0 -16 ) (-2648 0 -8 ) (-2656 0 -8 ) 
4 122 182 (-2648 0 -16 ) (-2640 0 -16 ) (-2640 0 -8 ) (-2648 0 -8 ) 
4 122 180 (-2640 0 -16 ) (-2632 0 -16 ) (-2632 0 -8 ) (-2640 0 -8 ) 
4 122 128 (-2656 56 -16 ) (-2648 56 -16 ) (-2648 0 -16 ) (-2656 0 -16 ) 
4 122 126 (-2648 56 -16 ) (-2640 56 -16 ) (-2640 0 -16 ) (-2648 0 -16 ) 
4 122 124 (-2640 56 -16 ) (-2632 56 -16 ) (-2632 0 -16 ) (-2640 0 -16 ) 
4 123 191 (-2680 0 -8 ) (-2680 0 -16 ) (-2672 0 -16 ) (-2672 0 -8 ) 
4 123 135 (-2680 56 -8 ) (-2680 56 -16 ) (-2680 0 -16 ) (-2680 0 -8 ) 
4 123 131 (-2680 0 -16 ) (-2680 56 -16 ) (-2672 56 -16 ) (-2672 0 -16 ) 
4 124 180 (-2632 0 -40 ) (-2632 0 -16 ) (-2640 0 -16 ) (-2640 0 -40 ) 
4 124 126 (-2640 0 -16 ) (-2640 56 -16 ) (-2640 56 -32 ) (-2640 0 -32 ) 
4 125 181 (-2640 0 -128 ) (-2632 0 -128 ) (-2632 0 -48 ) (-2640 0 -48 ) 
4 125 142 (-2632 0 -128 ) (-2640 0 -128 ) (-2640 56 -128 ) (-2632 56 -128 ) 
4 125 127 (-2640 56 -48 ) (-2640 56 -128 ) (-2640 0 -128 ) (-2640 0 -48 ) 
4 126 182 (-2640 0 -32 ) (-2640 0 -16 ) (-2648 0 -16 ) (-2648 0 -32 ) 
4 126 128 (-2648 0 -16 ) (-2648 56 -16 ) (-2648 56 -24 ) (-2648 0 -24 ) 
4 127 183 (-2648 0 -128 ) (-2640 0 -128 ) (-2640 0 -40 ) (-2648 0 -40 ) 
4 127 142 (-2640 0 -128 ) (-2648 0 -128 ) (-2648 56 -128 ) (-2640 56 -128 ) 
4 127 129 (-2648 56 -40 ) (-2648 56 -128 ) (-2648 0 -128 ) (-2648 0 -40 ) 
4 128 184 (-2648 0 -24 ) (-2648 0 -16 ) (-2656 0 -16 ) (-2656 0 -24 ) 
4 129 185 (-2656 0 -128 ) (-2648 0 -128 ) (-2648 0 -32 ) (-2656 0 -32 ) 
4 129 142 (-2648 0 -128 ) (-2656 0 -128 ) (-2656 56 -128 ) (-2648 56 -128 ) 
4 129 130 (-2656 56 -32 ) (-2656 56 -128 ) (-2656 0 -128 ) (-2656 0 -32 ) 
4 130 187 (-2664 0 -128 ) (-2656 0 -128 ) (-2656 0 -24 ) (-2664 0 -24 ) 
4 130 142 (-2656 0 -128 ) (-2664 0 -128 ) (-2664 56 -128 ) (-2656 56 -128 ) 
4 130 131 (-2664 56 -24 ) (-2664 56 -128 ) (-2664 0 -128 ) (-2664 0 -24 ) 
4 131 191 (-2680 0 -16 ) (-2680 0 -128 ) (-2672 0 -128 ) (-2672 0 -16 ) 
4 131 189 (-2672 0 -128 ) (-2664 0 -128 ) (-2664 0 -16 ) (-2672 0 -16 ) 
4 131 142 (-2664 0 -128 ) (-2680 0 -128 ) (-2680 56 -128 ) (-2664 56 -128 ) 
4 131 135 (-2680 56 -16 ) (-2680 56 -128 ) (-2680 0 -128 ) (-2680 0 -16 ) 
4 132 150 (-2696 0 16 ) (-2680 0 16 ) (-2680 0 24 ) (-2696 0 24 ) 
4 132 149 (-2680 0 24 ) (-2680 0 1173 ) (-2696 0 1173 ) (-2696 0 24 ) 
4 132 134 (-2688 56 16 ) (-2680 56 16 ) (-2680 0 16 ) (-2688 0 16 ) 
4 132 133 (-2696 0 24 ) (-2696 0 1173 ) (-2696 56 1173 ) (-2696 56 24 ) 
4 133 149 (-2704 0 1173 ) (-2704 0 24 ) (-2696 0 24 ) (-2696 0 1173 ) 
4 133 138 (-2704 56 1173 ) (-2704 56 30 ) (-2704 0 30 ) (-2704 0 1173 ) 
4 134 192 (-2680 0 8 ) (-2680 0 16 ) (-2688 0 16 ) (-2688 0 8 ) 
4 135 193 (-2688 0 -128 ) (-2680 0 -128 ) (-2680 0 0 ) (-2688 0 0 ) 
4 135 142 (-2680 0 -128 ) (-2688 0 -128 ) (-2688 56 -128 ) (-2680 56 -128 ) 
4 135 136 (-2688 56 0 ) (-2688 56 -128 ) (-2688 0 -128 ) (-2688 0 0 ) 
4 136 194 (-2696 0 -128 ) (-2688 0 -128 ) (-2688 0 8 ) (-2696 0 8 ) 
4 136 142 (-2688 0 -128 ) (-2696 0 -128 ) (-2696 56 -128 ) (-2688 56 -128 ) 
4 136 137 (-2696 56 8 ) (-2696 56 -128 ) (-2696 0 -128 ) (-2696 0 8 ) 
4 137 195 (-2704 0 16 ) (-2704 0 -128 ) (-2696 0 -128 ) (-2696 0 16 ) 
4 137 142 (-2696 0 -128 ) (-2704 0 -128 ) (-2704 56 -128 ) (-2696 56 -128 ) 
4 137 139 (-2704 56 16 ) (-2704 56 -128 ) (-2704 0 -128 ) (-2704 0 16 ) 
4 138 152 (-2856 0 1173 ) (-2856 0 30 ) (-2704 0 30 ) (-2704 0 1173 ) 
4 138 140 (-2856 56 1173 ) (-2856 56 32 ) (-2856 0 32 ) (-2856 0 1173 ) 
4 139 195 (-2856 0 16 ) (-2856 0 -128 ) (-2704 0 -128 ) (-2704 0 16 ) 
4 139 153 (-2856 0 24 ) (-2856 0 16 ) (-2704 0 16 ) (-2704 0 24 ) 
4 139 142 (-2704 0 -128 ) (-2856 0 -128 ) (-2856 56 -128 ) (-2704 56 -128 ) 
4 140 155 (-2864 0 1173 ) (-2864 0 32 ) (-2856 0 32 ) (-2856 0 1173 ) 
4 140 141 (-2864 56 1173 ) (-2864 56 32 ) (-2864 0 32 ) (-2864 0 1173 ) 
4 141 196 (-3072 0 16 ) (-3072 0 -122 ) (-2864 0 -122 ) (-2864 0 16 ) 
4 141 157 (-3072 0 1173 ) (-3072 0 16 ) (-2864 0 16 ) (-2864 0 1173 ) 
4 141 144 (-3072 0 -122 ) (-3072 0 1173 ) (-3072 56 1173 ) (-3072 56 -122 ) 
4 142 258 (-2048 0 -1269 ) (-2048 0 -128 ) (-3072 0 -128 ) (-3072 0 -1269 ) 
4 142 146 (-3072 1024 -128 ) (-3072 1024 -1269 ) (-3072 0 -1269 ) (-3072 0 -128 ) 
4 143 146 (-3288 384 -128 ) (-3288 1024 -128 ) (-3072 1024 -128 ) (-3072 384 -128 ) 
4 143 144 (-3288 384 1173 ) (-3288 384 -122 ) (-3072 384 -122 ) (-3072 384 1173 ) 
4 143 145 (-3288 1024 -128 ) (-3288 384 -128 ) (-3288 384 1173 ) (-3288 1024 1173 ) 
4 144 259 (-3072 0 -122 ) (-3072 0 1173 ) (-3288 0 1173 ) (-3288 0 -122 ) 
4 144 145 (-3288 0 -122 ) (-3288 0 1173 ) (-3288 384 1173 ) (-3288 384 -122 ) 
4 145 276 (-3688 0 1173 ) (-3888 0 1173 ) (-3888 0 -128 ) (-3688 0 -128 ) 
4 145 279 (-3888 0 1173 ) (-4096 0 1173 ) (-4096 0 -128 ) (-3888 0 -128 ) 
4 145 263 (-3672 0 -128 ) (-3544 0 -128 ) (-3544 0 -122 ) (-3672 0 -122 ) 
4 145 264 (-3688 0 -122 ) (-3688 0 -128 ) (-3672 0 -128 ) (-3672 0 -122 ) 
4 145 261 (-3544 0 -128 ) (-3288 0 -128 ) (-3288 0 -122 ) (-3544 0 -122 ) 
4 145 259 (-3288 0 1173 ) (-3688 0 1173 ) (-3688 0 -122 ) (-3288 0 -122 ) 
4 145 148 (-4096 0 -128 ) (-4096 0 1173 ) (-4096 1024 1173 ) (-4096 1024 -128 ) 
4 145 146 (-3288 0 -128 ) (-4096 0 -128 ) (-4096 1024 -128 ) (-3288 1024 -128 ) 
4 146 281 (-3152 0 -128 ) (-3448 0 -128 ) (-3448 0 -1269 ) (-3152 0 -1269 ) 
4 146 280 (-3072 0 -1269 ) (-3072 0 -128 ) (-3152 0 -128 ) (-3152 0 -1269 ) 
4 146 284 (-3448 0 -128 ) (-4096 0 -128 ) (-4096 0 -1269 ) (-3448 0 -1269 ) 
4 146 148 (-4096 0 -1269 ) (-4096 0 -128 ) (-4096 1024 -128 ) (-4096 1024 -1269 ) 
4 147 148 (-4096 1024 -1269 ) (-4096 1024 1173 ) (-4543.979980 1024 1173 ) (-4543.979980 1024 -1269 ) 
4 148 287 (-4096 0 -1269 ) (-4096 0 1173 ) (-4543.979980 0 1173 ) (-4543.979980 0 -1269 ) 
4 149 285 (-2048 -1024 24 ) (-2048 -1024 1173 ) (-2704 -1024 1173 ) (-2704 -1024 24 ) 
4 149 154 (-2704 -56 24 ) (-2704 -1024 24 ) (-2704 -1024 30 ) (-2704 -56 30 ) 
4 149 152 (-2704 0 1173 ) (-2704 0 30 ) (-2704 -1024 30 ) (-2704 -1024 1173 ) 
4 149 151 (-2704 -1024 24 ) (-2704 -48 24 ) (-2696 -48 24 ) (-2696 -1024 24 ) 
4 149 150 (-2696 0 24 ) (-2048 0 24 ) (-2048 -1024 24 ) (-2696 -1024 24 ) 
4 150 285 (-2048 -1024 16 ) (-2048 -1024 24 ) (-2696 -1024 24 ) (-2696 -1024 16 ) 
4 150 252 (-2696 -960 16 ) (-2696 -752 16 ) (-2576 -752 16 ) (-2576 -960 16 ) 
4 150 253 (-2576 -1024 16 ) (-2696 -1024 16 ) (-2696 -960 16 ) (-2576 -960 16 ) 
4 150 251 (-2504 -1024 16 ) (-2576 -1024 16 ) (-2576 -752 16 ) (-2504 -752 16 ) 
4 150 250 (-2496 -1024 16 ) (-2504 -1024 16 ) (-2504 -800 16 ) (-2496 -800 16 ) 
4 150 249 (-2432 -1024 16 ) (-2496 -1024 16 ) (-2496 -800 16 ) (-2432 -800 16 ) 
4 150 248 (-2496 -792 16 ) (-2496 -752 16 ) (-2432 -752 16 ) (-2432 -792 16 ) 
4 150 247 (-2424 -1024 16 ) (-2432 -1024 16 ) (-2432 -800 16 ) (-2424 -800 16 ) 
4 150 246 (-2304 -1024 16 ) (-2424 -1024 16 ) (-2424 -760 16 ) (-2304 -760 16 ) 
4 150 245 (-2232 -1024 16 ) (-2304 -1024 16 ) (-2304 -800 16 ) (-2232 -800 16 ) 
4 150 244 (-2296 -752 16 ) (-2232 -752 16 ) (-2232 -792 16 ) (-2296 -792 16 ) 
4 150 243 (-2224 -1024 16 ) (-2232 -1024 16 ) (-2232 -800 16 ) (-2224 -800 16 ) 
4 150 242 (-2048 -752 16 ) (-2048 -1024 16 ) (-2224 -1024 16 ) (-2224 -752 16 ) 
4 150 239 (-2544 -752 16 ) (-2592 -752 16 ) (-2592 -625 16 ) (-2544 -625 16 ) 
4 150 237 (-2048 -624 16 ) (-2048 -752 16 ) (-2544 -752 16 ) (-2544 -624 16 ) 
4 150 240 (-2592 -752 16 ) (-2696 -752 16 ) (-2696 -624 16 ) (-2592 -624 16 ) 
4 150 236 (-2594 -624 16 ) (-2696 -624 16 ) (-2696 -401 16 ) (-2594 -401 16 ) 
4 150 230 (-2504 -576 16 ) (-2504 -450 16 ) (-2496 -450 16 ) (-2496 -576 16 ) 
4 150 231 (-2504 -624 16 ) (-2542 -624 16 ) (-2542 -450 16 ) (-2504 -450 16 ) 
4 150 229 (-2464 -624 16 ) (-2496 -624 16 ) (-2496 -584 16 ) (-2464 -584 16 ) 
4 150 228 (-2496 -576 16 ) (-2496 -450 16 ) (-2464 -450 16 ) (-2464 -576 16 ) 
4 150 221 (-2696 -401 16 ) (-2696 -48 16 ) (-2594 -48 16 ) (-2594 -401 16 ) 
4 150 219 (-2594 -48 16 ) (-2466 -48 16 ) (-2466 -399 16 ) (-2594 -399 16 ) 
4 150 218 (-2466 -48 16 ) (-2464 -48 16 ) (-2464 -136 16 ) (-2466 -136 16 ) 
4 150 217 (-2432 -624 16 ) (-2464 -624 16 ) (-2464 -584 16 ) (-2432 -584 16 ) 
4 150 216 (-2424 -616 16 ) (-2424 -576 16 ) (-2304 -576 16 ) (-2304 -616 16 ) 
4 150 215 (-2232 -624 16 ) (-2296 -624 16 ) (-2296 -584 16 ) (-2232 -584 16 ) 
4 150 214 (-2048 -576 16 ) (-2048 -624 16 ) (-2224 -624 16 ) (-2224 -576 16 ) 
4 150 213 (-2416 -576 16 ) (-2464 -576 16 ) (-2464 -450 16 ) (-2416 -450 16 ) 
4 150 209 (-2464 -137 16 ) (-2464 -136 16 ) (-2416 -136 16 ) (-2416 -137 16 ) 
4 150 208 (-2413 -576 16 ) (-2416 -576 16 ) (-2416 -450 16 ) (-2413 -450 16 ) 
4 150 206 (-2368 -576 16 ) (-2413 -576 16 ) (-2413 -136 16 ) (-2368 -136 16 ) 
4 150 204 (-2048 -136 16 ) (-2048 -240 16 ) (-2368 -240 16 ) (-2368 -136 16 ) 
4 150 205 (-2048 -240 16 ) (-2048 -576 16 ) (-2368 -576 16 ) (-2368 -240 16 ) 
4 150 199 (-2463 -135 16 ) (-2463 -87 16 ) (-2415 -87 16 ) (-2415 -135 16 ) 
4 150 198 (-2463 -87 16 ) (-2463 -48 16 ) (-2415 -48 16 ) (-2415 -87 16 ) 
4 150 201 (-2415 -136 16 ) (-2463 -136 16 ) (-2463 -135 16 ) (-2415 -135 16 ) 
4 150 197 (-2048 -48 16 ) (-2048 -136 16 ) (-2415 -136 16 ) (-2415 -48 16 ) 
4 150 202 (-2463 -136 16 ) (-2464 -136 16 ) (-2464 -48 16 ) (-2463 -48 16 ) 
4 150 192 (-2688 0 16 ) (-2680 0 16 ) (-2680 -48 16 ) (-2688 -48 16 ) 
4 150 190 (-2680 0 16 ) (-2672 0 16 ) (-2672 -48 16 ) (-2680 -48 16 ) 
4 150 188 (-2672 0 16 ) (-2664 0 16 ) (-2664 -48 16 ) (-2672 -48 16 ) 
4 150 186 (-2664 0 16 ) (-2656 0 16 ) (-2656 -48 16 ) (-2664 -48 16 ) 
4 150 184 (-2656 0 16 ) (-2648 0 16 ) (-2648 -48 16 ) (-2656 -48 16 ) 
4 150 182 (-2648 0 16 ) (-2640 0 16 ) (-2640 -48 16 ) (-2648 -48 16 ) 
4 150 180 (-2640 0 16 ) (-2632 0 16 ) (-2632 -48 16 ) (-2640 -48 16 ) 
4 150 178 (-2632 0 16 ) (-2624 0 16 ) (-2624 -48 16 ) (-2632 -48 16 ) 
4 150 176 (-2624 0 16 ) (-2616 0 16 ) (-2616 -48 16 ) (-2624 -48 16 ) 
4 150 170 (-2616 0 16 ) (-2608 0 16 ) (-2608 -48 16 ) (-2616 -48 16 ) 
4 150 168 (-2608 0 16 ) (-2600 0 16 ) (-2600 -48 16 ) (-2608 -48 16 ) 
4 150 166 (-2600 0 16 ) (-2592 0 16 ) (-2592 -48 16 ) (-2600 -48 16 ) 
4 150 164 (-2592 0 16 ) (-2584 0 16 ) (-2584 -48 16 ) (-2592 -48 16 ) 
4 150 162 (-2584 0 16 ) (-2576 0 16 ) (-2576 -48 16 ) (-2584 -48 16 ) 
4 150 160 (-2576 0 16 ) (-2568 0 16 ) (-2568 -48 16 ) (-2576 -48 16 ) 
4 150 159 (-2568 0 16 ) (-2560 0 16 ) (-2560 -48 16 ) (-2568 -48 16 ) 
4 150 158 (-2560 0 16 ) (-2048 0 16 ) (-2048 -48 16 ) (-2560 -48 16 ) 
4 150 151 (-2696 -48 16 ) (-2696 -1024 16 ) (-2696 -1024 24 ) (-2696 -48 24 ) 
4 151 285 (-2696 -1024 24 ) (-2704 -1024 24 ) (-2704 -1024 16 ) (-2696 -1024 16 ) 
4 151 252 (-2696 -752 16 ) (-2696 -960 16 ) (-2704 -960 16 ) (-2704 -752 16 ) 
4 151 253 (-2696 -960 16 ) (-2696 -1024 16 ) (-2704 -1024 16 ) (-2704 -960 16 ) 
4 151 240 (-2696 -624 16 ) (-2696 -752 16 ) (-2704 -752 16 ) (-2704 -624 16 ) 
4 151 236 (-2696 -401 16 ) (-2696 -624 16 ) (-2704 -624 16 ) (-2704 -401 16 ) 
4 151 221 (-2696 -48 16 ) (-2696 -401 16 ) (-2704 -401 16 ) (-2704 -48 16 ) 
4 151 153 (-2704 -48 16 ) (-2704 -56 16 ) (-2704 -56 24 ) (-2704 -48 24 ) 
4 151 154 (-2704 -56 16 ) (-2704 -1024 16 ) (-2704 -1024 24 ) (-2704 -56 24 ) 
4 152 285 (-2856 -1024 1173 ) (-2856 -1024 30 ) (-2704 -1024 30 ) (-2704 -1024 1173 ) 
4 152 155 (-2856 -240 1173 ) (-2856 0 1173 ) (-2856 0 32 ) (-2856 -240 32 ) 
4 152 156 (-2856 -1024 30 ) (-2856 -1024 1173 ) (-2856 -240 1173 ) (-2856 -240 30 ) 
4 152 154 (-2856 -1024 30 ) (-2856 -56 30 ) (-2704 -56 30 ) (-2704 -1024 30 ) 
4 153 221 (-2704 -48 16 ) (-2704 -56 16 ) (-2856 -56 16 ) (-2856 -48 16 ) 
4 153 195 (-2856 0 16 ) (-2704 0 16 ) (-2704 -48 16 ) (-2856 -48 16 ) 
4 153 154 (-2704 -56 16 ) (-2704 -56 24 ) (-2856 -56 24 ) (-2856 -56 16 ) 
4 154 285 (-2856 -1024 30 ) (-2856 -1024 16 ) (-2704 -1024 16 ) (-2704 -1024 30 ) 
4 154 252 (-2704 -752 16 ) (-2704 -960 16 ) (-2856 -960 16 ) (-2856 -752 16 ) 
4 154 253 (-2704 -960 16 ) (-2704 -1024 16 ) (-2856 -1024 16 ) (-2856 -960 16 ) 
4 154 240 (-2704 -624 16 ) (-2704 -752 16 ) (-2856 -752 16 ) (-2856 -624 16 ) 
4 154 236 (-2704 -401 16 ) (-2704 -624 16 ) (-2856 -624 16 ) (-2856 -401 16 ) 
4 154 221 (-2704 -56 16 ) (-2704 -401 16 ) (-2856 -401 16 ) (-2856 -56 16 ) 
4 154 156 (-2856 -240 16 ) (-2856 -1024 16 ) (-2856 -1024 30 ) (-2856 -240 30 ) 
4 155 156 (-2864 -240 1173 ) (-2864 -240 32 ) (-2856 -240 32 ) (-2856 -240 1173 ) 
4 155 157 (-2864 -240 32 ) (-2864 -240 1173 ) (-2864 0 1173 ) (-2864 0 32 ) 
4 156 285 (-2864 -1024 16 ) (-2856 -1024 16 ) (-2856 -1024 1173 ) (-2864 -1024 1173 ) 
4 156 252 (-2856 -752 16 ) (-2856 -960 16 ) (-2864 -960 16 ) (-2864 -752 16 ) 
4 156 253 (-2856 -960 16 ) (-2856 -1024 16 ) (-2864 -1024 16 ) (-2864 -960 16 ) 
4 156 240 (-2856 -624 16 ) (-2856 -752 16 ) (-2864 -752 16 ) (-2864 -624 16 ) 
4 156 236 (-2856 -401 16 ) (-2856 -624 16 ) (-2864 -624 16 ) (-2864 -401 16 ) 
4 156 222 (-2856 -240 16 ) (-2856 -401 16 ) (-2864 -401 16 ) (-2864 -240 16 ) 
4 156 157 (-2864 -240 16 ) (-2864 -1024 16 ) (-2864 -1024 1173 ) (-2864 -240 1173 ) 
4 157 285 (-3072 -1024 1173 ) (-3072 -1024 16 ) (-2864 -1024 16 ) (-2864 -1024 1173 ) 
4 157 265 (-3072 -1024 16 ) (-3072 -1024 1173 ) (-3072 -288 1173 ) (-3072 -288 16 ) 
4 157 259 (-3072 -288 1173 ) (-3072 0 1173 ) (-3072 0 16 ) (-3072 -288 16 ) 
4 157 255 (-3072 -928 16 ) (-3072 -824 16 ) (-2944 -824 16 ) (-2944 -928 16 ) 
4 157 254 (-3072 -824 16 ) (-3072 -752 16 ) (-2944 -752 16 ) (-2944 -824 16 ) 
4 157 257 (-3072 -1024 16 ) (-3072 -928 16 ) (-2944 -928 16 ) (-2944 -1024 16 ) 
4 157 252 (-2944 -752 16 ) (-2864 -752 16 ) (-2864 -960 16 ) (-2944 -960 16 ) 
4 157 253 (-2864 -960 16 ) (-2864 -1024 16 ) (-2944 -1024 16 ) (-2944 -960 16 ) 
4 157 240 (-3072 -752 16 ) (-3072 -624 16 ) (-2864 -624 16 ) (-2864 -752 16 ) 
4 157 236 (-3072 -624 16 ) (-3072 -401 16 ) (-2864 -401 16 ) (-2864 -624 16 ) 
4 157 223 (-3072 -240 16 ) (-3072 -48 16 ) (-2864 -48 16 ) (-2864 -240 16 ) 
4 157 224 (-3072 -401 16 ) (-3072 -240 16 ) (-2864 -240 16 ) (-2864 -401 16 ) 
4 157 196 (-3072 -48 16 ) (-3072 0 16 ) (-2864 0 16 ) (-2864 -48 16 ) 
4 158 219 (-2466 -48 16 ) (-2560 -48 16 ) (-2560 -48 -44 ) (-2466 -48 -44 ) 
4 158 218 (-2464 -48 16 ) (-2466 -48 16 ) (-2466 -48 -44 ) (-2464 -48 -44 ) 
4 158 220 (-2560 -48 -44 ) (-2560 -48 -120 ) (-2464 -48 -120 ) (-2464 -48 -44 ) 
4 158 198 (-2415 -48 16 ) (-2463 -48 16 ) (-2463 -48 -120 ) (-2415 -48 -120 ) 
4 158 197 (-2048 -48 -120 ) (-2048 -48 16 ) (-2415 -48 16 ) (-2415 -48 -120 ) 
4 158 202 (-2463 -48 16 ) (-2464 -48 16 ) (-2464 -48 -120 ) (-2463 -48 -120 ) 
4 158 174 (-2272 -48 -120 ) (-2464 -48 -120 ) (-2464 0 -120 ) (-2272 0 -120 ) 
4 158 172 (-2272 -16 -120 ) (-2272 0 -120 ) (-2048 0 -120 ) (-2048 -16 -120 ) 
4 158 173 (-2048 -48 -120 ) (-2272 -48 -120 ) (-2272 -16 -120 ) (-2048 -16 -120 ) 
4 158 159 (-2560 -48 -112 ) (-2560 -48 16 ) (-2560 0 16 ) (-2560 0 -112 ) 
4 159 219 (-2560 -48 16 ) (-2568 -48 16 ) (-2568 -48 -44 ) (-2560 -48 -44 ) 
4 159 220 (-2568 -48 -44 ) (-2568 -48 -112 ) (-2560 -48 -112 ) (-2560 -48 -44 ) 
4 159 160 (-2568 -48 -104 ) (-2568 -48 16 ) (-2568 0 16 ) (-2568 0 -104 ) 
4 160 219 (-2568 -48 16 ) (-2576 -48 16 ) (-2576 -48 -44 ) (-2568 -48 -44 ) 
4 160 220 (-2576 -48 -44 ) (-2576 -48 -104 ) (-2568 -48 -104 ) (-2568 -48 -44 ) 
4 160 162 (-2576 -48 -96 ) (-2576 -48 16 ) (-2576 0 16 ) (-2576 0 -96 ) 
4 161 220 (-2576 -48 -112 ) (-2576 -48 -120 ) (-2568 -48 -120 ) (-2568 -48 -112 ) 
4 161 175 (-2568 -48 -120 ) (-2576 -48 -120 ) (-2576 0 -120 ) (-2568 0 -120 ) 
4 161 163 (-2576 0 -120 ) (-2576 -48 -120 ) (-2576 -48 -112 ) (-2576 0 -112 ) 
4 162 219 (-2576 -48 16 ) (-2584 -48 16 ) (-2584 -48 -44 ) (-2576 -48 -44 ) 
4 162 220 (-2584 -48 -44 ) (-2584 -48 -96 ) (-2576 -48 -96 ) (-2576 -48 -44 ) 
4 162 164 (-2584 -48 -88 ) (-2584 -48 16 ) (-2584 0 16 ) (-2584 0 -88 ) 
4 163 220 (-2584 -48 -104 ) (-2584 -48 -120 ) (-2576 -48 -120 ) (-2576 -48 -104 ) 
4 163 175 (-2576 -48 -120 ) (-2584 -48 -120 ) (-2584 0 -120 ) (-2576 0 -120 ) 
4 163 165 (-2584 0 -120 ) (-2584 -48 -120 ) (-2584 -48 -104 ) (-2584 0 -104 ) 
4 164 219 (-2584 -48 16 ) (-2592 -48 16 ) (-2592 -48 -44 ) (-2584 -48 -44 ) 
4 164 220 (-2592 -48 -44 ) (-2592 -48 -88 ) (-2584 -48 -88 ) (-2584 -48 -44 ) 
4 164 166 (-2592 -48 -80 ) (-2592 -48 16 ) (-2592 0 16 ) (-2592 0 -80 ) 
4 165 220 (-2592 -48 -96 ) (-2592 -48 -120 ) (-2584 -48 -120 ) (-2584 -48 -96 ) 
4 165 175 (-2584 -48 -120 ) (-2592 -48 -120 ) (-2592 0 -120 ) (-2584 0 -120 ) 
4 165 167 (-2592 0 -120 ) (-2592 -48 -120 ) (-2592 -48 -96 ) (-2592 0 -96 ) 
4 166 221 (-2594 -48 16 ) (-2600 -48 16 ) (-2600 -48 -80 ) (-2594 -48 -80 ) 
4 166 219 (-2592 -48 16 ) (-2594 -48 16 ) (-2594 -48 -44 ) (-2592 -48 -44 ) 
4 166 220 (-2594 -48 -44 ) (-2594 -48 -80 ) (-2592 -48 -80 ) (-2592 -48 -44 ) 
4 166 168 (-2600 -48 -72 ) (-2600 -48 16 ) (-2600 0 16 ) (-2600 0 -72 ) 
4 167 221 (-2600 -48 -88 ) (-2600 -48 -120 ) (-2594 -48 -120 ) (-2594 -48 -88 ) 
4 167 220 (-2594 -48 -120 ) (-2592 -48 -120 ) (-2592 -48 -88 ) (-2594 -48 -88 ) 
4 167 175 (-2592 -48 -120 ) (-2600 -48 -120 ) (-2600 0 -120 ) (-2592 0 -120 ) 
4 167 169 (-2600 0 -120 ) (-2600 -48 -120 ) (-2600 -48 -88 ) (-2600 0 -88 ) 
4 168 221 (-2600 -48 16 ) (-2608 -48 16 ) (-2608 -48 -72 ) (-2600 -48 -72 ) 
4 168 170 (-2608 -48 -64 ) (-2608 -48 16 ) (-2608 0 16 ) (-2608 0 -64 ) 
4 169 221 (-2608 -48 -80 ) (-2608 -48 -120 ) (-2600 -48 -120 ) (-2600 -48 -80 ) 
4 169 175 (-2600 -48 -120 ) (-2608 -48 -120 ) (-2608 0 -120 ) (-2600 0 -120 ) 
4 169 171 (-2608 0 -120 ) (-2608 -48 -120 ) (-2608 -48 -80 ) (-2608 0 -80 ) 
4 170 221 (-2608 -48 16 ) (-2616 -48 16 ) (-2616 -48 -64 ) (-2608 -48 -64 ) 
4 170 176 (-2616 -48 -56 ) (-2616 -48 16 ) (-2616 0 16 ) (-2616 0 -56 ) 
4 171 221 (-2616 -48 -72 ) (-2616 -48 -120 ) (-2608 -48 -120 ) (-2608 -48 -72 ) 
4 171 177 (-2616 -48 -120 ) (-2616 -48 -72 ) (-2616 0 -72 ) (-2616 0 -120 ) 
4 171 175 (-2608 -48 -120 ) (-2616 -48 -120 ) (-2616 0 -120 ) (-2608 0 -120 ) 
4 172 174 (-2272 -16 -122 ) (-2272 -16 -120 ) (-2272 0 -120 ) (-2272 0 -122 ) 
4 172 173 (-2272 -16 -120 ) (-2272 -16 -122 ) (-2048 -16 -122 ) (-2048 -16 -120 ) 
4 173 258 (-2048 -16 -128 ) (-2048 -48 -128 ) (-2272 -48 -128 ) (-2272 -16 -128 ) 
4 173 203 (-2272 -48 -128 ) (-2048 -48 -128 ) (-2048 -48 -122 ) (-2272 -48 -122 ) 
4 173 197 (-2048 -48 -122 ) (-2048 -48 -120 ) (-2272 -48 -120 ) (-2272 -48 -122 ) 
4 173 174 (-2272 -48 -122 ) (-2272 -48 -120 ) (-2272 -16 -120 ) (-2272 -16 -122 ) 
4 174 198 (-2415 -48 -120 ) (-2463 -48 -120 ) (-2463 -48 -122 ) (-2415 -48 -122 ) 
4 174 197 (-2272 -48 -122 ) (-2272 -48 -120 ) (-2415 -48 -120 ) (-2415 -48 -122 ) 
4 174 202 (-2463 -48 -120 ) (-2464 -48 -120 ) (-2464 -48 -122 ) (-2463 -48 -122 ) 
4 175 258 (-2616 0 -128 ) (-2560 0 -128 ) (-2560 -48 -128 ) (-2616 -48 -128 ) 
4 175 221 (-2616 -48 -128 ) (-2594 -48 -128 ) (-2594 -48 -120 ) (-2616 -48 -120 ) 
4 175 220 (-2594 -48 -128 ) (-2560 -48 -128 ) (-2560 -48 -120 ) (-2594 -48 -120 ) 
4 175 177 (-2616 0 -128 ) (-2616 -48 -128 ) (-2616 -48 -120 ) (-2616 0 -120 ) 
4 176 221 (-2616 -48 -56 ) (-2616 -48 16 ) (-2624 -48 16 ) (-2624 -48 -56 ) 
4 176 178 (-2624 -48 -48 ) (-2624 -48 16 ) (-2624 0 16 ) (-2624 0 -48 ) 
4 177 258 (-2624 0 -128 ) (-2616 0 -128 ) (-2616 -48 -128 ) (-2624 -48 -128 ) 
4 177 221 (-2624 -48 -128 ) (-2616 -48 -128 ) (-2616 -48 -64 ) (-2624 -48 -64 ) 
4 177 179 (-2624 0 -128 ) (-2624 -48 -128 ) (-2624 -48 -64 ) (-2624 0 -64 ) 
4 178 221 (-2624 -48 -48 ) (-2624 -48 16 ) (-2632 -48 16 ) (-2632 -48 -48 ) 
4 178 180 (-2632 -48 -40 ) (-2632 -48 16 ) (-2632 0 16 ) (-2632 0 -40 ) 
4 179 258 (-2632 0 -128 ) (-2624 0 -128 ) (-2624 -48 -128 ) (-2632 -48 -128 ) 
4 179 221 (-2632 -48 -128 ) (-2624 -48 -128 ) (-2624 -48 -56 ) (-2632 -48 -56 ) 
4 179 181 (-2632 0 -128 ) (-2632 -48 -128 ) (-2632 -48 -56 ) (-2632 0 -56 ) 
4 180 221 (-2632 -48 -40 ) (-2632 -48 16 ) (-2640 -48 16 ) (-2640 -48 -40 ) 
4 180 182 (-2640 -48 -32 ) (-2640 -48 16 ) (-2640 0 16 ) (-2640 0 -32 ) 
4 181 258 (-2640 0 -128 ) (-2632 0 -128 ) (-2632 -48 -128 ) (-2640 -48 -128 ) 
4 181 221 (-2640 -48 -128 ) (-2632 -48 -128 ) (-2632 -48 -48 ) (-2640 -48 -48 ) 
4 181 183 (-2640 0 -128 ) (-2640 -48 -128 ) (-2640 -48 -48 ) (-2640 0 -48 ) 
4 182 221 (-2640 -48 -32 ) (-2640 -48 16 ) (-2648 -48 16 ) (-2648 -48 -32 ) 
4 182 184 (-2648 -48 -24 ) (-2648 -48 16 ) (-2648 0 16 ) (-2648 0 -24 ) 
4 183 258 (-2648 0 -128 ) (-2640 0 -128 ) (-2640 -48 -128 ) (-2648 -48 -128 ) 
4 183 221 (-2648 -48 -128 ) (-2640 -48 -128 ) (-2640 -48 -40 ) (-2648 -48 -40 ) 
4 183 185 (-2648 0 -128 ) (-2648 -48 -128 ) (-2648 -48 -40 ) (-2648 0 -40 ) 
4 184 221 (-2648 -48 -24 ) (-2648 -48 16 ) (-2656 -48 16 ) (-2656 -48 -24 ) 
4 184 186 (-2656 -48 -16 ) (-2656 -48 16 ) (-2656 0 16 ) (-2656 0 -16 ) 
4 185 258 (-2656 0 -128 ) (-2648 0 -128 ) (-2648 -48 -128 ) (-2656 -48 -128 ) 
4 185 221 (-2656 -48 -128 ) (-2648 -48 -128 ) (-2648 -48 -32 ) (-2656 -48 -32 ) 
4 185 187 (-2656 0 -128 ) (-2656 -48 -128 ) (-2656 -48 -32 ) (-2656 0 -32 ) 
4 186 221 (-2656 -48 -16 ) (-2656 -48 16 ) (-2664 -48 16 ) (-2664 -48 -16 ) 
4 186 188 (-2664 -48 -8 ) (-2664 -48 16 ) (-2664 0 16 ) (-2664 0 -8 ) 
4 187 258 (-2664 0 -128 ) (-2656 0 -128 ) (-2656 -48 -128 ) (-2664 -48 -128 ) 
4 187 221 (-2664 -48 -128 ) (-2656 -48 -128 ) (-2656 -48 -24 ) (-2664 -48 -24 ) 
4 187 189 (-2664 0 -128 ) (-2664 -48 -128 ) (-2664 -48 -24 ) (-2664 0 -24 ) 
4 188 221 (-2664 -48 -8 ) (-2664 -48 16 ) (-2672 -48 16 ) (-2672 -48 -8 ) 
4 188 190 (-2672 -48 0 ) (-2672 -48 16 ) (-2672 0 16 ) (-2672 0 0 ) 
4 189 258 (-2672 0 -128 ) (-2664 0 -128 ) (-2664 -48 -128 ) (-2672 -48 -128 ) 
4 189 221 (-2672 -48 -128 ) (-2664 -48 -128 ) (-2664 -48 -16 ) (-2672 -48 -16 ) 
4 189 191 (-2672 0 -128 ) (-2672 -48 -128 ) (-2672 -48 -16 ) (-2672 0 -16 ) 
4 190 221 (-2672 -48 0 ) (-2672 -48 16 ) (-2680 -48 16 ) (-2680 -48 0 ) 
4 190 192 (-2680 -48 8 ) (-2680 -48 16 ) (-2680 0 16 ) (-2680 0 8 ) 
4 191 258 (-2680 0 -128 ) (-2672 0 -128 ) (-2672 -48 -128 ) (-2680 -48 -128 ) 
4 191 221 (-2680 -48 -128 ) (-2672 -48 -128 ) (-2672 -48 -8 ) (-2680 -48 -8 ) 
4 191 193 (-2680 0 -128 ) (-2680 -48 -128 ) (-2680 -48 -8 ) (-2680 0 -8 ) 
4 192 221 (-2680 -48 8 ) (-2680 -48 16 ) (-2688 -48 16 ) (-2688 -48 8 ) 
4 193 258 (-2688 0 -128 ) (-2680 0 -128 ) (-2680 -48 -128 ) (-2688 -48 -128 ) 
4 193 221 (-2688 -48 -128 ) (-2680 -48 -128 ) (-2680 -48 0 ) (-2688 -48 0 ) 
4 193 194 (-2688 0 -128 ) (-2688 -48 -128 ) (-2688 -48 0 ) (-2688 0 0 ) 
4 194 258 (-2696 0 -128 ) (-2688 0 -128 ) (-2688 -48 -128 ) (-2696 -48 -128 ) 
4 194 221 (-2696 -48 -128 ) (-2688 -48 -128 ) (-2688 -48 8 ) (-2696 -48 8 ) 
4 194 195 (-2696 0 -128 ) (-2696 -48 -128 ) (-2696 -48 8 ) (-2696 0 8 ) 
4 195 258 (-2856 0 -128 ) (-2696 0 -128 ) (-2696 -48 -128 ) (-2856 -48 -128 ) 
4 195 221 (-2856 -48 -128 ) (-2696 -48 -128 ) (-2696 -48 16 ) (-2856 -48 16 ) 
4 196 259 (-3072 -48 16 ) (-3072 0 16 ) (-3072 0 -122 ) (-3072 -48 -122 ) 
4 196 223 (-2864 -48 -122 ) (-2864 -48 16 ) (-3072 -48 16 ) (-3072 -48 -122 ) 
4 197 207 (-2415 -136 -122 ) (-2413 -136 -122 ) (-2413 -136 -44 ) (-2415 -136 -44 ) 
4 197 206 (-2413 -136 -122 ) (-2368 -136 -122 ) (-2368 -136 16 ) (-2413 -136 16 ) 
4 197 204 (-2368 -136 -122 ) (-2048 -136 -122 ) (-2048 -136 16 ) (-2368 -136 16 ) 
4 197 203 (-2048 -136 -122 ) (-2272 -136 -122 ) (-2272 -48 -122 ) (-2048 -48 -122 ) 
4 197 199 (-2415 -135 -68 ) (-2415 -135 16 ) (-2415 -87 16 ) (-2415 -87 -68 ) 
4 197 200 (-2415 -87 -122 ) (-2415 -135 -122 ) (-2415 -135 -116.092003 ) (-2415 -87 -116.092003 ) 
4 197 198 (-2415 -48 16 ) (-2415 -48 -122 ) (-2415 -87 -122 ) (-2415 -87 16 ) 
4 197 201 (-2415 -135 -122 ) (-2415 -136 -122 ) (-2415 -136 16 ) (-2415 -135 16 ) 
4 198 199 (-2463 -87 16 ) (-2463 -87 -68 ) (-2415 -87 -68 ) (-2415 -87 16 ) 
4 198 200 (-2463 -87 -116.092003 ) (-2463 -87 -122 ) (-2415 -87 -122 ) (-2415 -87 -116.092003 ) 
4 198 202 (-2463 -48 16 ) (-2463 -48 -122 ) (-2463 -87 -122 ) (-2463 -87 16 ) 
4 199 201 (-2463 -135 16 ) (-2463 -135 -68 ) (-2415 -135 -68 ) (-2415 -135 16 ) 
4 199 202 (-2463 -135 -68 ) (-2463 -135 16 ) (-2463 -87 16 ) (-2463 -87 -68 ) 
4 200 202 (-2463 -87 -122 ) (-2463 -135 -122 ) (-2463 -135 -116.092003 ) (-2463 -87 -116.092003 ) 
4 200 201 (-2463 -135 -116.092003 ) (-2463 -135 -122 ) (-2415 -135 -122 ) (-2415 -135 -116.092003 ) 
4 201 211 (-2463 -136 -122 ) (-2416 -136 -122 ) (-2416 -136 -44 ) (-2463 -136 -44 ) 
4 201 209 (-2416 -136 -42 ) (-2416 -136 16 ) (-2463 -136 16 ) (-2463 -136 -42 ) 
4 201 207 (-2416 -136 -122 ) (-2415 -136 -122 ) (-2415 -136 -44 ) (-2416 -136 -44 ) 
4 201 202 (-2463 -135 -122 ) (-2463 -136 -122 ) (-2463 -136 16 ) (-2463 -135 16 ) 
4 202 218 (-2464 -48 16 ) (-2464 -48 -44 ) (-2464 -136 -44 ) (-2464 -136 16 ) 
4 202 220 (-2464 -48 -44 ) (-2464 -48 -122 ) (-2464 -136 -122 ) (-2464 -136 -44 ) 
4 202 211 (-2464 -136 -44 ) (-2464 -136 -122 ) (-2463 -136 -122 ) (-2463 -136 -44 ) 
4 202 209 (-2464 -136 16 ) (-2464 -136 -42 ) (-2463 -136 -42 ) (-2463 -136 16 ) 
4 203 258 (-2272 -48 -128 ) (-2048 -48 -128 ) (-2048 -136 -128 ) (-2272 -136 -128 ) 
4 204 206 (-2368 -136 16 ) (-2368 -136 -122 ) (-2368 -240 -122 ) (-2368 -240 16 ) 
4 204 205 (-2368 -240 16 ) (-2368 -240 -122 ) (-2048 -240 -122 ) (-2048 -240 16 ) 
4 205 258 (-2048 -240 -128 ) (-2048 -576 -128 ) (-2368 -576 -128 ) (-2368 -240 -128 ) 
4 205 216 (-2368 -576 -128 ) (-2304 -576 -128 ) (-2304 -576 16 ) (-2368 -576 16 ) 
4 205 214 (-2224 -576 -128 ) (-2048 -576 -128 ) (-2048 -576 16 ) (-2224 -576 16 ) 
4 205 206 (-2368 -240 -128 ) (-2368 -576 -128 ) (-2368 -576 16 ) (-2368 -240 16 ) 
4 206 258 (-2368 -576 -128 ) (-2413 -576 -128 ) (-2413 -136 -128 ) (-2368 -136 -128 ) 
4 206 216 (-2413 -576 -128 ) (-2368 -576 -128 ) (-2368 -576 16 ) (-2413 -576 16 ) 
4 206 207 (-2413 -136 -44 ) (-2413 -136 -128 ) (-2413 -450 -128 ) (-2413 -450 -44 ) 
4 206 208 (-2413 -450 -128 ) (-2413 -576 -128 ) (-2413 -576 16 ) (-2413 -450 16 ) 
4 207 258 (-2416 -450 -128 ) (-2416 -136 -128 ) (-2413 -136 -128 ) (-2413 -450 -128 ) 
4 207 212 (-2416 -448 -128 ) (-2416 -450 -128 ) (-2416 -450 -44 ) (-2416 -448 -44 ) 
4 207 211 (-2416 -136 -44 ) (-2416 -136 -128 ) (-2416 -448 -128 ) (-2416 -448 -44 ) 
4 207 208 (-2416 -450 -44 ) (-2416 -450 -128 ) (-2413 -450 -128 ) (-2413 -450 -44 ) 
4 208 258 (-2413 -576 -128 ) (-2416 -576 -128 ) (-2416 -450 -128 ) (-2413 -450 -128 ) 
4 208 216 (-2416 -576 -128 ) (-2413 -576 -128 ) (-2413 -576 16 ) (-2416 -576 16 ) 
4 208 213 (-2416 -450 -128 ) (-2416 -576 -128 ) (-2416 -576 16 ) (-2416 -450 16 ) 
4 209 210 (-2464 -137 14 ) (-2464 -137 -42 ) (-2416 -137 -42 ) (-2416 -137 14 ) 
4 210 225 (-2464 -448 -42 ) (-2464 -448 14 ) (-2464 -401 14 ) (-2464 -401 -42 ) 
4 211 258 (-2464 -448 -128 ) (-2464 -136 -128 ) (-2416 -136 -128 ) (-2416 -448 -128 ) 
4 211 226 (-2464 -401 -128 ) (-2464 -448 -128 ) (-2464 -448 -44 ) (-2464 -401 -44 ) 
4 211 220 (-2464 -136 -128 ) (-2464 -401 -128 ) (-2464 -401 -44 ) (-2464 -136 -44 ) 
4 211 212 (-2464 -448 -44 ) (-2464 -448 -128 ) (-2416 -448 -128 ) (-2416 -448 -44 ) 
4 212 258 (-2464 -450 -128 ) (-2464 -448 -128 ) (-2416 -448 -128 ) (-2416 -450 -128 ) 
4 212 227 (-2464 -448 -128 ) (-2464 -450 -128 ) (-2464 -450 -44 ) (-2464 -448 -44 ) 
4 212 213 (-2464 -450 -44 ) (-2464 -450 -128 ) (-2416 -450 -128 ) (-2416 -450 -44 ) 
4 213 258 (-2416 -576 -128 ) (-2464 -576 -128 ) (-2464 -450 -128 ) (-2416 -450 -128 ) 
4 213 228 (-2464 -450 -128 ) (-2464 -576 -128 ) (-2464 -576 16 ) (-2464 -450 16 ) 
4 213 216 (-2424 -576 -128 ) (-2416 -576 -128 ) (-2416 -576 16 ) (-2424 -576 16 ) 
4 214 258 (-2048 -576 -128 ) (-2048 -624 -128 ) (-2224 -624 -128 ) (-2224 -576 -128 ) 
4 214 237 (-2048 -624 -120 ) (-2048 -624 16 ) (-2224 -624 16 ) (-2224 -624 -120 ) 
4 215 237 (-2232 -624 -120 ) (-2232 -624 16 ) (-2296 -624 16 ) (-2296 -624 -120 ) 
4 216 258 (-2424 -616 -128 ) (-2424 -576 -128 ) (-2304 -576 -128 ) (-2304 -616 -128 ) 
4 217 237 (-2432 -624 -120 ) (-2432 -624 16 ) (-2464 -624 16 ) (-2464 -624 -120 ) 
4 217 229 (-2464 -624 -120 ) (-2464 -624 16 ) (-2464 -584 16 ) (-2464 -584 -120 ) 
4 218 219 (-2466 -48 16 ) (-2466 -48 -44 ) (-2466 -136 -44 ) (-2466 -136 16 ) 
4 218 220 (-2466 -136 -44 ) (-2466 -48 -44 ) (-2464 -48 -44 ) (-2464 -136 -44 ) 
4 219 221 (-2594 -48 16 ) (-2594 -48 -44 ) (-2594 -399 -44 ) (-2594 -399 16 ) 
4 219 220 (-2594 -399 -44 ) (-2594 -48 -44 ) (-2466 -48 -44 ) (-2466 -399 -44 ) 
4 220 258 (-2594 -48 -128 ) (-2464 -48 -128 ) (-2464 -401 -128 ) (-2594 -401 -128 ) 
4 220 235 (-2594 -401 -128 ) (-2592 -401 -128 ) (-2592 -401 -44 ) (-2594 -401 -44 ) 
4 220 226 (-2592 -401 -128 ) (-2464 -401 -128 ) (-2464 -401 -44 ) (-2592 -401 -44 ) 
4 220 221 (-2594 -48 -44 ) (-2594 -48 -128 ) (-2594 -401 -128 ) (-2594 -401 -44 ) 
4 221 258 (-2856 -48 -128 ) (-2594 -48 -128 ) (-2594 -401 -128 ) (-2856 -401 -128 ) 
4 221 236 (-2856 -401 -128 ) (-2594 -401 -128 ) (-2594 -401 16 ) (-2856 -401 16 ) 
4 221 222 (-2856 -240 -128 ) (-2856 -401 -128 ) (-2856 -401 16 ) (-2856 -240 16 ) 
4 222 258 (-2856 -240 -128 ) (-2856 -401 -128 ) (-2864 -401 -128 ) (-2864 -240 -128 ) 
4 222 236 (-2864 -401 -128 ) (-2856 -401 -128 ) (-2856 -401 16 ) (-2864 -401 16 ) 
4 222 224 (-2864 -240 -128 ) (-2864 -401 -128 ) (-2864 -401 16 ) (-2864 -240 16 ) 
4 223 259 (-3072 -240 16 ) (-3072 -48 16 ) (-3072 -48 -122 ) (-3072 -240 -122 ) 
4 223 224 (-2864 -240 -122 ) (-2864 -240 16 ) (-3072 -240 16 ) (-3072 -240 -122 ) 
4 224 266 (-3072 -288 -120 ) (-3072 -288 -128 ) (-3072 -401 -128 ) (-3072 -401 -120 ) 
4 224 265 (-3072 -401 16 ) (-3072 -288 16 ) (-3072 -288 -120 ) (-3072 -401 -120 ) 
4 224 260 (-3072 -240 -122 ) (-3072 -240 -128 ) (-3072 -288 -128 ) (-3072 -288 -122 ) 
4 224 259 (-3072 -288 16 ) (-3072 -240 16 ) (-3072 -240 -122 ) (-3072 -288 -122 ) 
4 224 258 (-3072 -401 -128 ) (-3072 -240 -128 ) (-2864 -240 -128 ) (-2864 -401 -128 ) 
4 224 236 (-3072 -401 -128 ) (-2864 -401 -128 ) (-2864 -401 16 ) (-3072 -401 16 ) 
4 225 233 (-2592 -448 14 ) (-2592 -448 -42 ) (-2544 -448 -42 ) (-2544 -448 14 ) 
4 226 258 (-2592 -401 -128 ) (-2464 -401 -128 ) (-2464 -448 -128 ) (-2592 -448 -128 ) 
4 226 235 (-2592 -401 -44 ) (-2592 -401 -128 ) (-2592 -448 -128 ) (-2592 -448 -44 ) 
4 226 234 (-2592 -448 -44 ) (-2592 -448 -128 ) (-2544 -448 -128 ) (-2544 -448 -44 ) 
4 226 227 (-2544 -448 -128 ) (-2464 -448 -128 ) (-2464 -448 -44 ) (-2544 -448 -44 ) 
4 227 258 (-2464 -448 -128 ) (-2464 -450 -128 ) (-2544 -450 -128 ) (-2544 -448 -128 ) 
4 227 234 (-2544 -448 -44 ) (-2544 -448 -128 ) (-2544 -450 -128 ) (-2544 -450 -44 ) 
4 227 232 (-2544 -450 -44 ) (-2544 -450 -128 ) (-2542 -450 -128 ) (-2542 -450 -44 ) 
4 227 230 (-2504 -450 -128 ) (-2496 -450 -128 ) (-2496 -450 -44 ) (-2504 -450 -44 ) 
4 227 231 (-2542 -450 -128 ) (-2504 -450 -128 ) (-2504 -450 -44 ) (-2542 -450 -44 ) 
4 227 228 (-2496 -450 -128 ) (-2464 -450 -128 ) (-2464 -450 -44 ) (-2496 -450 -44 ) 
4 228 258 (-2464 -450 -128 ) (-2464 -576 -128 ) (-2496 -576 -128 ) (-2496 -450 -128 ) 
4 228 230 (-2496 -450 16 ) (-2496 -450 -128 ) (-2496 -576 -128 ) (-2496 -576 16 ) 
4 229 237 (-2464 -624 -120 ) (-2464 -624 16 ) (-2496 -624 16 ) (-2496 -624 -120 ) 
4 230 258 (-2504 -576 -128 ) (-2504 -450 -128 ) (-2496 -450 -128 ) (-2496 -576 -128 ) 
4 230 231 (-2504 -450 16 ) (-2504 -450 -128 ) (-2504 -576 -128 ) (-2504 -576 16 ) 
4 231 258 (-2504 -624 -128 ) (-2542 -624 -128 ) (-2542 -450 -128 ) (-2504 -450 -128 ) 
4 231 237 (-2504 -624 -120 ) (-2504 -624 16 ) (-2542 -624 16 ) (-2542 -624 -120 ) 
4 231 232 (-2542 -450 -44 ) (-2542 -450 -128 ) (-2542 -624 -128 ) (-2542 -624 -44 ) 
4 232 258 (-2542 -624 -128 ) (-2544 -624 -128 ) (-2544 -450 -128 ) (-2542 -450 -128 ) 
4 232 237 (-2542 -624 -120 ) (-2542 -624 -44 ) (-2544 -624 -44 ) (-2544 -624 -120 ) 
4 232 234 (-2544 -450 -128 ) (-2544 -624 -128 ) (-2544 -624 -44 ) (-2544 -450 -44 ) 
4 233 238 (-2544 -624 -42 ) (-2544 -624 14 ) (-2592 -624 14 ) (-2592 -624 -42 ) 
4 234 258 (-2544 -624 -128 ) (-2592 -624 -128 ) (-2592 -448 -128 ) (-2544 -448 -128 ) 
4 234 238 (-2544 -624 -120 ) (-2544 -624 -44 ) (-2592 -624 -44 ) (-2592 -624 -120 ) 
4 234 235 (-2592 -448 -128 ) (-2592 -624 -128 ) (-2592 -624 -44 ) (-2592 -448 -44 ) 
4 235 258 (-2594 -401 -128 ) (-2592 -401 -128 ) (-2592 -624 -128 ) (-2594 -624 -128 ) 
4 235 240 (-2592 -624 -120 ) (-2592 -624 -44 ) (-2594 -624 -44 ) (-2594 -624 -120 ) 
4 235 236 (-2594 -401 -44 ) (-2594 -401 -128 ) (-2594 -624 -128 ) (-2594 -624 -44 ) 
4 236 266 (-3072 -401 -120 ) (-3072 -401 -128 ) (-3072 -624 -128 ) (-3072 -624 -120 ) 
4 236 265 (-3072 -624 16 ) (-3072 -401 16 ) (-3072 -401 -120 ) (-3072 -624 -120 ) 
4 236 258 (-3072 -624 -128 ) (-3072 -401 -128 ) (-2594 -401 -128 ) (-2594 -624 -128 ) 
4 236 241 (-3072 -624 -128 ) (-2752 -624 -128 ) (-2752 -624 -120 ) (-3072 -624 -120 ) 
4 236 240 (-2594 -624 -120 ) (-2594 -624 16 ) (-3072 -624 16 ) (-3072 -624 -120 ) 
4 237 251 (-2504 -752 16 ) (-2544 -752 16 ) (-2544 -752 -120 ) (-2504 -752 -120 ) 
4 237 248 (-2432 -752 16 ) (-2496 -752 16 ) (-2496 -752 -120 ) (-2432 -752 -120 ) 
4 237 244 (-2232 -752 16 ) (-2296 -752 16 ) (-2296 -752 -120 ) (-2232 -752 -120 ) 
4 237 242 (-2048 -752 -120 ) (-2048 -752 16 ) (-2224 -752 16 ) (-2224 -752 -120 ) 
4 237 238 (-2544 -624 14 ) (-2544 -624 -120 ) (-2544 -625 -120 ) (-2544 -625 14 ) 
4 237 239 (-2544 -625 -120 ) (-2544 -752 -120 ) (-2544 -752 16 ) (-2544 -625 16 ) 
4 238 239 (-2592 -625 14 ) (-2592 -625 -120 ) (-2544 -625 -120 ) (-2544 -625 14 ) 
4 238 240 (-2592 -624 14 ) (-2592 -624 -120 ) (-2592 -625 -120 ) (-2592 -625 14 ) 
4 239 252 (-2576 -752 16 ) (-2592 -752 16 ) (-2592 -752 -120 ) (-2576 -752 -120 ) 
4 239 251 (-2544 -752 16 ) (-2576 -752 16 ) (-2576 -752 -120 ) (-2544 -752 -120 ) 
4 239 240 (-2592 -625 -120 ) (-2592 -752 -120 ) (-2592 -752 16 ) (-2592 -625 16 ) 
4 240 265 (-3072 -752 16 ) (-3072 -624 16 ) (-3072 -624 -120 ) (-3072 -752 -120 ) 
4 240 254 (-2944 -752 16 ) (-3072 -752 16 ) (-3072 -752 -120 ) (-2944 -752 -120 ) 
4 240 252 (-2592 -752 16 ) (-2944 -752 16 ) (-2944 -752 -120 ) (-2592 -752 -120 ) 
4 240 241 (-2752 -752 -120 ) (-3072 -752 -120 ) (-3072 -624 -120 ) (-2752 -624 -120 ) 
4 241 266 (-3072 -624 -120 ) (-3072 -624 -128 ) (-3072 -752 -128 ) (-3072 -752 -120 ) 
4 241 258 (-3072 -752 -128 ) (-3072 -624 -128 ) (-2752 -624 -128 ) (-2752 -752 -128 ) 
4 241 254 (-3072 -752 -128 ) (-2944 -752 -128 ) (-2944 -752 -120 ) (-3072 -752 -120 ) 
4 242 285 (-2048 -1024 -128 ) (-2048 -1024 16 ) (-2224 -1024 16 ) (-2224 -1024 -128 ) 
4 242 258 (-2048 -1024 -128 ) (-2224 -1024 -128 ) (-2224 -752 -128 ) (-2048 -752 -128 ) 
4 242 243 (-2224 -800 -128 ) (-2224 -1024 -128 ) (-2224 -1024 16 ) (-2224 -800 16 ) 
4 243 285 (-2224 -1024 16 ) (-2232 -1024 16 ) (-2232 -1024 -128 ) (-2224 -1024 -128 ) 
4 243 258 (-2224 -1024 -128 ) (-2232 -1024 -128 ) (-2232 -800 -128 ) (-2224 -800 -128 ) 
4 243 245 (-2232 -800 -128 ) (-2232 -1024 -128 ) (-2232 -1024 16 ) (-2232 -800 16 ) 
4 245 285 (-2232 -1024 16 ) (-2304 -1024 16 ) (-2304 -1024 -128 ) (-2232 -1024 -128 ) 
4 245 258 (-2232 -1024 -128 ) (-2304 -1024 -128 ) (-2304 -800 -128 ) (-2232 -800 -128 ) 
4 245 246 (-2304 -800 -128 ) (-2304 -1024 -128 ) (-2304 -1024 16 ) (-2304 -800 16 ) 
4 246 285 (-2304 -1024 16 ) (-2424 -1024 16 ) (-2424 -1024 -128 ) (-2304 -1024 -128 ) 
4 246 258 (-2304 -1024 -128 ) (-2424 -1024 -128 ) (-2424 -760 -128 ) (-2304 -760 -128 ) 
4 246 247 (-2424 -800 -128 ) (-2424 -1024 -128 ) (-2424 -1024 16 ) (-2424 -800 16 ) 
4 247 285 (-2424 -1024 16 ) (-2432 -1024 16 ) (-2432 -1024 -128 ) (-2424 -1024 -128 ) 
4 247 258 (-2424 -1024 -128 ) (-2432 -1024 -128 ) (-2432 -800 -128 ) (-2424 -800 -128 ) 
4 247 249 (-2432 -800 -128 ) (-2432 -1024 -128 ) (-2432 -1024 16 ) (-2432 -800 16 ) 
4 249 285 (-2432 -1024 16 ) (-2496 -1024 16 ) (-2496 -1024 -128 ) (-2432 -1024 -128 ) 
4 249 258 (-2432 -1024 -128 ) (-2496 -1024 -128 ) (-2496 -800 -128 ) (-2432 -800 -128 ) 
4 249 250 (-2496 -800 -128 ) (-2496 -1024 -128 ) (-2496 -1024 16 ) (-2496 -800 16 ) 
4 250 285 (-2496 -1024 16 ) (-2504 -1024 16 ) (-2504 -1024 -128 ) (-2496 -1024 -128 ) 
4 250 258 (-2496 -1024 -128 ) (-2504 -1024 -128 ) (-2504 -800 -128 ) (-2496 -800 -128 ) 
4 250 251 (-2504 -800 -128 ) (-2504 -1024 -128 ) (-2504 -1024 16 ) (-2504 -800 16 ) 
4 251 285 (-2504 -1024 16 ) (-2576 -1024 16 ) (-2576 -1024 -128 ) (-2504 -1024 -128 ) 
4 251 258 (-2504 -1024 -128 ) (-2576 -1024 -128 ) (-2576 -752 -128 ) (-2504 -752 -128 ) 
4 251 252 (-2576 -752 16 ) (-2576 -752 -120 ) (-2576 -960 -120 ) (-2576 -960 16 ) 
4 251 253 (-2576 -960 -128 ) (-2576 -1024 -128 ) (-2576 -1024 16 ) (-2576 -960 16 ) 
4 252 255 (-2944 -824 -120 ) (-2944 -928 -120 ) (-2944 -928 16 ) (-2944 -824 16 ) 
4 252 254 (-2944 -752 16 ) (-2944 -752 -120 ) (-2944 -824 -120 ) (-2944 -824 16 ) 
4 252 257 (-2944 -928 -120 ) (-2944 -960 -120 ) (-2944 -960 16 ) (-2944 -928 16 ) 
4 252 253 (-2944 -960 16 ) (-2944 -960 -120 ) (-2576 -960 -120 ) (-2576 -960 16 ) 
4 253 285 (-2576 -1024 16 ) (-2944 -1024 16 ) (-2944 -1024 -128 ) (-2576 -1024 -128 ) 
4 253 258 (-2576 -1024 -128 ) (-2944 -1024 -128 ) (-2944 -960 -128 ) (-2576 -960 -128 ) 
4 253 257 (-2944 -960 -128 ) (-2944 -1024 -128 ) (-2944 -1024 16 ) (-2944 -960 16 ) 
4 254 266 (-3072 -752 -120 ) (-3072 -752 -128 ) (-3072 -824 -128 ) (-3072 -824 -120 ) 
4 254 265 (-3072 -824 16 ) (-3072 -752 16 ) (-3072 -752 -120 ) (-3072 -824 -120 ) 
4 254 258 (-3072 -824 -128 ) (-3072 -752 -128 ) (-2944 -752 -128 ) (-2944 -824 -128 ) 
4 254 255 (-2944 -824 -120 ) (-2944 -824 16 ) (-3072 -824 16 ) (-3072 -824 -120 ) 
4 254 256 (-3072 -824 -128 ) (-2944 -824 -128 ) (-2944 -824 -126 ) (-3072 -824 -126 ) 
4 255 265 (-3072 -928 16 ) (-3072 -824 16 ) (-3072 -824 -120 ) (-3072 -928 -120 ) 
4 255 257 (-2944 -928 -120 ) (-2944 -928 16 ) (-3072 -928 16 ) (-3072 -928 -120 ) 
4 256 267 (-3072 -824 -126 ) (-3072 -824 -128 ) (-3072 -928 -128 ) (-3072 -928 -126 ) 
4 256 258 (-3072 -928 -128 ) (-3072 -824 -128 ) (-2944 -824 -128 ) (-2944 -928 -128 ) 
4 256 257 (-3072 -928 -128 ) (-2944 -928 -128 ) (-2944 -928 -126 ) (-3072 -928 -126 ) 
4 257 285 (-2944 -1024 16 ) (-3072 -1024 16 ) (-3072 -1024 -128 ) (-2944 -1024 -128 ) 
4 257 268 (-3072 -1024 -128 ) (-3072 -1024 -120 ) (-3072 -928 -120 ) (-3072 -928 -128 ) 
4 257 265 (-3072 -1024 -120 ) (-3072 -1024 16 ) (-3072 -928 16 ) (-3072 -928 -120 ) 
4 257 258 (-2944 -1024 -128 ) (-3072 -1024 -128 ) (-3072 -928 -128 ) (-2944 -928 -128 ) 
4 258 285 (-2048 -1024 -1269 ) (-2048 -1024 -128 ) (-3072 -1024 -128 ) (-3072 -1024 -1269 ) 
4 258 280 (-3072 -1024 -1269 ) (-3072 -1024 -128 ) (-3072 0 -128 ) (-3072 0 -1269 ) 
4 259 276 (-3688 -288 -122 ) (-3688 -288 1173 ) (-3688 0 1173 ) (-3688 0 -122 ) 
4 259 272 (-3688 -288 1173 ) (-3688 -288 -122 ) (-3448 -288 -122 ) (-3448 -288 1173 ) 
4 259 269 (-3448 -288 -122 ) (-3152 -288 -122 ) (-3152 -288 1173 ) (-3448 -288 1173 ) 
4 259 266 (-3152 -288 -122 ) (-3072 -288 -122 ) (-3072 -288 -120 ) (-3152 -288 -120 ) 
4 259 265 (-3072 -288 -120 ) (-3072 -288 1173 ) (-3152 -288 1173 ) (-3152 -288 -120 ) 
4 259 263 (-3672 -160 -122 ) (-3672 0 -122 ) (-3544 0 -122 ) (-3544 -160 -122 ) 
4 259 264 (-3672 -288 -122 ) (-3688 -288 -122 ) (-3688 0 -122 ) (-3672 0 -122 ) 
4 259 261 (-3544 -136 -122 ) (-3544 0 -122 ) (-3288 0 -122 ) (-3288 -136 -122 ) 
4 259 262 (-3288 -288 -122 ) (-3544 -288 -122 ) (-3544 -240 -122 ) (-3288 -240 -122 ) 
4 259 260 (-3072 -288 -122 ) (-3288 -288 -122 ) (-3288 -240 -122 ) (-3072 -240 -122 ) 
4 260 281 (-3152 -288 -128 ) (-3288 -288 -128 ) (-3288 -240 -128 ) (-3152 -240 -128 ) 
4 260 280 (-3072 -240 -128 ) (-3072 -288 -128 ) (-3152 -288 -128 ) (-3152 -240 -128 ) 
4 260 269 (-3288 -288 -128 ) (-3152 -288 -128 ) (-3152 -288 -122 ) (-3288 -288 -122 ) 
4 260 266 (-3152 -288 -128 ) (-3072 -288 -128 ) (-3072 -288 -122 ) (-3152 -288 -122 ) 
4 260 262 (-3288 -240 -128 ) (-3288 -288 -128 ) (-3288 -288 -122 ) (-3288 -240 -122 ) 
4 261 281 (-3448 0 -128 ) (-3288 0 -128 ) (-3288 -136 -128 ) (-3448 -136 -128 ) 
4 261 284 (-3544 0 -128 ) (-3448 0 -128 ) (-3448 -136 -128 ) (-3544 -136 -128 ) 
4 261 263 (-3544 0 -128 ) (-3544 -136 -128 ) (-3544 -136 -122 ) (-3544 0 -122 ) 
4 262 281 (-3288 -240 -128 ) (-3288 -288 -128 ) (-3448 -288 -128 ) (-3448 -240 -128 ) 
4 262 284 (-3448 -288 -128 ) (-3544 -288 -128 ) (-3544 -240 -128 ) (-3448 -240 -128 ) 
4 262 273 (-3544 -288 -128 ) (-3448 -288 -128 ) (-3448 -288 -122 ) (-3544 -288 -122 ) 
4 262 269 (-3448 -288 -128 ) (-3288 -288 -128 ) (-3288 -288 -122 ) (-3448 -288 -122 ) 
4 263 284 (-3672 0 -128 ) (-3544 0 -128 ) (-3544 -160 -128 ) (-3672 -160 -128 ) 
4 263 264 (-3672 0 -128 ) (-3672 -160 -128 ) (-3672 -160 -122 ) (-3672 0 -122 ) 
4 264 284 (-3688 0 -128 ) (-3672 0 -128 ) (-3672 -288 -128 ) (-3688 -288 -128 ) 
4 264 276 (-3688 0 -128 ) (-3688 -288 -128 ) (-3688 -288 -122 ) (-3688 0 -122 ) 
4 265 286 (-3072 -1024 -120 ) (-3072 -1024 1173 ) (-3152 -1024 1173 ) (-3152 -1024 -120 ) 
4 265 270 (-3152 -1008 -119 ) (-3152 -1008 1173 ) (-3152 -808 1173 ) (-3152 -808 -119 ) 
4 265 269 (-3152 -288 1173 ) (-3152 -288 -120 ) (-3152 -808 -120 ) (-3152 -808 1173 ) 
4 265 271 (-3152 -1008 -120 ) (-3152 -1024 -120 ) (-3152 -1024 1173 ) (-3152 -1008 1173 ) 
4 265 266 (-3152 -824 -120 ) (-3152 -288 -120 ) (-3072 -288 -120 ) (-3072 -824 -120 ) 
4 265 268 (-3072 -1024 -120 ) (-3152 -1024 -120 ) (-3152 -928 -120 ) (-3072 -928 -120 ) 
4 266 280 (-3072 -288 -128 ) (-3072 -824 -128 ) (-3152 -824 -128 ) (-3152 -288 -128 ) 
4 266 269 (-3152 -288 -120 ) (-3152 -288 -128 ) (-3152 -808 -128 ) (-3152 -808 -120 ) 
4 266 267 (-3152 -824 -126 ) (-3152 -824 -128 ) (-3072 -824 -128 ) (-3072 -824 -126 ) 
4 267 280 (-3072 -824 -128 ) (-3072 -928 -128 ) (-3152 -928 -128 ) (-3152 -824 -128 ) 
4 267 268 (-3152 -928 -126 ) (-3152 -928 -128 ) (-3072 -928 -128 ) (-3072 -928 -126 ) 
4 268 286 (-3072 -1024 -128 ) (-3072 -1024 -120 ) (-3152 -1024 -120 ) (-3152 -1024 -128 ) 
4 268 280 (-3072 -928 -128 ) (-3072 -1024 -128 ) (-3152 -1024 -128 ) (-3152 -928 -128 ) 
4 268 271 (-3152 -1008 -128 ) (-3152 -1024 -128 ) (-3152 -1024 -120 ) (-3152 -1008 -120 ) 
4 269 281 (-3448 -808 -128 ) (-3448 -288 -128 ) (-3152 -288 -128 ) (-3152 -808 -128 ) 
4 269 274 (-3448 -680 -128 ) (-3448 -808 -128 ) (-3448 -808 -122 ) (-3448 -680 -122 ) 
4 269 273 (-3448 -288 -122 ) (-3448 -288 -128 ) (-3448 -680 -128 ) (-3448 -680 -122 ) 
4 269 272 (-3448 -288 1173 ) (-3448 -288 -122 ) (-3448 -808 -122 ) (-3448 -808 1173 ) 
4 269 270 (-3152 -808 -119 ) (-3152 -808 1173 ) (-3448 -808 1173 ) (-3448 -808 -119 ) 
4 270 272 (-3448 -1008 -119 ) (-3448 -1008 1173 ) (-3448 -808 1173 ) (-3448 -808 -119 ) 
4 270 271 (-3152 -1008 -119 ) (-3152 -1008 1173 ) (-3448 -1008 1173 ) (-3448 -1008 -119 ) 
4 271 286 (-3448 -1024 1173 ) (-3448 -1024 -128 ) (-3152 -1024 -128 ) (-3152 -1024 1173 ) 
4 271 283 (-3152 -1024 -128 ) (-3448 -1024 -128 ) (-3448 -1008 -128 ) (-3152 -1008 -128 ) 
4 271 275 (-3448 -1008 -128 ) (-3448 -1024 -128 ) (-3448 -1024 -122 ) (-3448 -1008 -122 ) 
4 271 272 (-3448 -1024 -122 ) (-3448 -1024 1173 ) (-3448 -1008 1173 ) (-3448 -1008 -122 ) 
4 272 286 (-3688 -1024 1173 ) (-3688 -1024 -122 ) (-3448 -1024 -122 ) (-3448 -1024 1173 ) 
4 272 277 (-3688 -920 1173 ) (-3688 -592 1173 ) (-3688 -592 -122 ) (-3688 -920 -122 ) 
4 272 276 (-3688 -592 1173 ) (-3688 -288 1173 ) (-3688 -288 -122 ) (-3688 -592 -122 ) 
4 272 278 (-3688 -1024 -122 ) (-3688 -1024 1173 ) (-3688 -920 1173 ) (-3688 -920 -122 ) 
4 272 274 (-3688 -848 -122 ) (-3688 -680 -122 ) (-3448 -680 -122 ) (-3448 -848 -122 ) 
4 272 275 (-3688 -1024 -122 ) (-3688 -896 -122 ) (-3448 -896 -122 ) (-3448 -1024 -122 ) 
4 272 273 (-3584 -288 -122 ) (-3448 -288 -122 ) (-3448 -680 -122 ) (-3584 -680 -122 ) 
4 273 284 (-3584 -288 -128 ) (-3448 -288 -128 ) (-3448 -680 -128 ) (-3584 -680 -128 ) 
4 273 274 (-3448 -680 -128 ) (-3448 -680 -122 ) (-3584 -680 -122 ) (-3584 -680 -128 ) 
4 274 284 (-3688 -848 -128 ) (-3688 -680 -128 ) (-3448 -680 -128 ) (-3448 -848 -128 ) 
4 275 286 (-3688 -1024 -122 ) (-3688 -1024 -128 ) (-3448 -1024 -128 ) (-3448 -1024 -122 ) 
4 275 284 (-3448 -1024 -128 ) (-3688 -1024 -128 ) (-3688 -896 -128 ) (-3448 -896 -128 ) 
4 275 278 (-3688 -920 -128 ) (-3688 -1024 -128 ) (-3688 -1024 -122 ) (-3688 -920 -122 ) 
4 276 284 (-3888 0 -128 ) (-3688 0 -128 ) (-3688 -592 -128 ) (-3888 -592 -128 ) 
4 276 277 (-3888 -592 1173 ) (-3888 -592 -122 ) (-3688 -592 -122 ) (-3688 -592 1173 ) 
4 276 279 (-3888 0 -128 ) (-3888 -592 -128 ) (-3888 -592 1173 ) (-3888 0 1173 ) 
4 277 279 (-3888 -920 -122 ) (-3888 -920 1173 ) (-3888 -592 1173 ) (-3888 -592 -122 ) 
4 277 278 (-3888 -920 1173 ) (-3888 -920 -122 ) (-3688 -920 -122 ) (-3688 -920 1173 ) 
4 278 286 (-3888 -1024 -128 ) (-3688 -1024 -128 ) (-3688 -1024 1173 ) (-3888 -1024 1173 ) 
4 278 284 (-3688 -920 -128 ) (-3688 -1024 -128 ) (-3888 -1024 -128 ) (-3888 -920 -128 ) 
4 278 279 (-3888 -920 -128 ) (-3888 -1024 -128 ) (-3888 -1024 1173 ) (-3888 -920 1173 ) 
4 279 287 (-4096 -1024 -128 ) (-4096 -1024 1173 ) (-4096 0 1173 ) (-4096 0 -128 ) 
4 279 286 (-4096 -1024 1173 ) (-4096 -1024 -128 ) (-3888 -1024 -128 ) (-3888 -1024 1173 ) 
4 279 284 (-4096 0 -128 ) (-3888 0 -128 ) (-3888 -1024 -128 ) (-4096 -1024 -128 ) 
4 280 286 (-3072 -1024 -1269 ) (-3072 -1024 -128 ) (-3152 -1024 -128 ) (-3152 -1024 -1269 ) 
4 280 282 (-3152 -808 -1269 ) (-3152 -1008 -1269 ) (-3152 -1008 -135 ) (-3152 -808 -135 ) 
4 280 281 (-3152 0 -1269 ) (-3152 -808 -1269 ) (-3152 -808 -128 ) (-3152 0 -128 ) 
4 280 283 (-3152 -1008 -1269 ) (-3152 -1024 -1269 ) (-3152 -1024 -128 ) (-3152 -1008 -128 ) 
4 281 282 (-3448 -808 -135 ) (-3448 -808 -1269 ) (-3152 -808 -1269 ) (-3152 -808 -135 ) 
4 281 284 (-3448 0 -1269 ) (-3448 -808 -1269 ) (-3448 -808 -128 ) (-3448 0 -128 ) 
4 282 284 (-3448 -808 -1269 ) (-3448 -1008 -1269 ) (-3448 -1008 -135 ) (-3448 -808 -135 ) 
4 282 283 (-3448 -1008 -135 ) (-3448 -1008 -1269 ) (-3152 -1008 -1269 ) (-3152 -1008 -135 ) 
4 283 286 (-3152 -1024 -128 ) (-3448 -1024 -128 ) (-3448 -1024 -1269 ) (-3152 -1024 -1269 ) 
4 283 284 (-3448 -1008 -1269 ) (-3448 -1024 -1269 ) (-3448 -1024 -128 ) (-3448 -1008 -128 ) 
4 284 287 (-4096 -1024 -1269 ) (-4096 -1024 -128 ) (-4096 0 -128 ) (-4096 0 -1269 ) 
4 284 286 (-3448 -1024 -128 ) (-4096 -1024 -128 ) (-4096 -1024 -1269 ) (-3448 -1024 -1269 ) 
4 285 289 (-2048 -2048 -1269 ) (-2048 -2048 1173 ) (-3072 -2048 1173 ) (-3072 -2048 -1269 ) 
4 285 286 (-3072 -1024 1173 ) (-3072 -1024 -1269 ) (-3072 -2048 -1269 ) (-3072 -2048 1173 ) 
4 286 290 (-3072 -2048 -1269 ) (-3072 -2048 1173 ) (-4096 -2048 1173 ) (-4096 -2048 -1269 ) 
4 286 288 (-4096 -2048 -1269 ) (-4096 -2048 1173 ) (-4096 -1024 1173 ) (-4096 -1024 -1269 ) 
4 287 288 (-4096 -1024 -1269 ) (-4096 -1024 1173 ) (-4543.979980 -1024 1173 ) (-4543.979980 -1024 -1269 ) 
4 288 291 (-4096 -2048 -1269 ) (-4096 -2048 1173 ) (-4543.979980 -2048 1173 ) (-4543.979980 -2048 -1269 ) 
4 289 290 (-3072 -2048 1173 ) (-3072 -2048 -1269 ) (-3072 -2072.790039 -1269 ) (-3072 -2072.790039 1173 ) 
4 290 291 (-4096 -2048 1173 ) (-4096 -2048 -1269 ) (-4096 -2072.790039 -1269 ) (-4096 -2072.790039 1173 ) 
